
Mon Dec  8 20:10:18 PST 1997
cf 00 40 13 00 40 13 62 70 05 23 11 06 5c 12 00 
03 01 01 03 08 1c 21 19 10 00 6a 8f 20 05 20 08 
2c 00 00 45 61 01 00 01 41 24 72 81 c0 97 10 97 
97 05 20 08 9c 41 04 11 c0 97 10 18 00 3b 9f 06 
82 23 02 20 24 9b 12 58 22 30 2b 12 32 70 28 90 
36 54 10 25 7b 02 01 20 08 0c 14 40 38 00 00 7b 
af 79 09 19 02 01 11 09 15 06 20 24 4b 90 30 02 
b3 00 03 23 53 09 25 0b 60 91 20 c0 01 00 0a bf 
00 00 34 00 44 01 00 00 01 31 08 10 82 cf 00 40 
13 00 40 13 62 70 05 23 11 06 5c 12 00 03 01 01 
03 08 1c 21 19 10 00 6a cf 00 40 13 00 40 13 62 
70 05 23 11 06 5c 12 00 03 01 01 03 08 1c 21 19 
10 00 6a 8f 30 05 20 08 2c 00 00 45 61 01 00 01 
41 24 72 81 c0 97 10 97 97 05 20 08 9c 41 04 11 
c0 97 10 18 00 4b 9f 06 82 23 02 20 24 9b 12 58 
22 30 2b 12 32 70 28 90 36 54 10 25 7b 02 01 20 
08 0c 14 40 38 00 00 7b af 79 09 19 02 01 11 09 
15 06 20 24 4b 90 30 02 b3 00 03 23 53 09 25 0b 
60 91 20 c0 01 00 0a bf 00 00 34 00 44 01 00 00 
01 31 08 10 82 cf 00 40 13 00 40 13 62 70 05 23 
11 06 5c 12 00 03 01 01 03 08 1c 21 19 10 00 6a 
cf 00 40 13 00 40 13 62 70 05 23 11 06 5c 12 00 
03 01 01 03 08 1c 21 19 10 00 6a 8f 40 05 20 08 
2c 00 00 45 61 01 00 01 41 24 72 81 c0 97 10 97 
97 05 20 08 9c 41 04 11 c0 97 10 18 00 5b 9f 06 

Mon Dec  8 20:30:48 PST 1997
54 10 25 7b 02 15 20 08 0c 14 40 38 00 00 8f af 
79 09 19 02 01 11 09 15 06 20 24 4b 90 30 02 b3 
00 03 23 53 09 25 0b 60 91 20 c0 01 00 0a bf 00 
00 34 00 44 01 00 00 01 31 08 10 82 cf 00 00 15 
00 90 14 62 70 05 23 11 06 5c 12 00 03 01 01 03 
08 1c 21 19 10 00 7d cf 00 00 15 00 90 14 62 70 
05 23 11 06 5c 12 00 03 01 01 03 08 1c 21 19 10 
00 7d 8f 50 25 20 08 2c 00 00 45 61 01 00 01 41 
24 72 81 c0 97 10 97 97 25 20 08 9c 41 04 11 c0 
97 10 18 00 ab 9f 05 82 23 02 20 24 9b 12 58 22 
30 2b 12 32 70 29 90 36 54 10 25 7b 02 15 20 08 
0c 14 40 38 00 00 8f af 79 09 19 02 01 11 09 15 
06 20 24 4b 90 30 02 b3 00 03 23 53 09 25 0b 60 
91 20 c0 01 00 0a bf 00 00 34 00 44 01 00 00 01 
31 08 10 82 cf 00 00 15 00 90 14 62 70 05 23 11 
06 5c 12 00 03 01 01 03 08 1c 21 19 10 00 7d cf 
00 00 15 00 90 14 62 70 05 23 11 06 5c 12 00 03 
01 01 03 08 1c 21 19 10 00 7d 8f 00 26 20 08 2c 
00 00 45 61 01 00 01 41 24 72 81 c0 97 10 97 97 
26 20 08 9c 41 04 11 c0 97 10 18 00 5d 9f 05 82 
23 02 20 24 9b 12 58 22 30 2b 12 32 70 29 90 36 
54 10 25 7b 02 15 20 08 0c 14 40 38 00 00 8f af 
79 09 19 02 01 11 09 15 06 20 24 4b 90 30 02 b3 
00 03 23 53 09 25 0b 60 91 20 c0 01 00 0a bf 00 
00 34 00 44 01 00 00 01 31 08 10 82 cf 00 00 15 

Mon Dec  8 20:51:09 PST 1997
cf 00 20 10 00 90 12 62 70 05 23 11 06 5c 12 00 
03 01 01 03 08 1c 21 19 10 00 96 8f 10 46 20 08 
2c 00 00 45 61 01 00 01 41 24 72 81 c0 97 10 97 
97 46 20 08 9c 41 04 11 c0 97 10 18 00 ad 9f 03 
82 23 02 20 24 9b 12 58 22 30 2b 12 32 70 28 90 
36 54 10 25 7b 02 15 20 08 0c 14 40 38 00 00 8c 
af 79 09 19 02 01 11 08 15 06 20 24 4b 90 30 02 
b3 00 03 23 53 09 25 0b 60 91 20 c0 01 00 09 bf 
00 00 34 00 44 01 00 00 01 31 08 10 82 cf 00 20 
10 00 20 10 62 70 05 23 11 06 5c 12 00 03 01 01 
03 08 1c 21 19 10 00 24 cf 00 20 10 00 20 10 62 
70 05 23 11 06 5c 12 00 03 01 01 03 08 1c 21 19 
10 00 24 8f 20 46 20 08 2c 00 00 45 61 01 00 01 
41 24 72 81 c0 97 10 97 97 46 20 08 9c 41 04 11 
c0 97 10 18 00 bd 9f 03 82 23 02 20 24 9b 12 58 
22 30 2b 12 32 70 28 90 36 54 10 25 7b 02 15 20 
08 0c 14 40 38 00 00 8c af 79 09 19 02 01 11 08 
15 06 20 24 4b 90 30 02 b3 00 03 23 53 09 25 0b 
60 91 20 c0 01 00 09 bf 00 00 34 00 44 01 00 00 
01 31 08 10 82 cf 00 40 10 00 20 10 62 70 05 23 
11 06 5c 12 00 03 01 01 03 08 1c 21 19 10 00 44 
cf 00 40 10 00 20 10 62 70 05 23 11 06 5c 12 00 
03 01 01 03 08 1c 21 19 10 00 44 8f 30 46 20 08 
2c 00 00 45 61 01 00 01 41 24 72 81 c0 97 10 97 
97 46 20 08 9c 41 04 11 c0 97 10 18 00 cd 9f 03 

Mon Dec  8 21:11:38 PST 1997
9f 02 82 23 02 20 24 9b 12 58 22 30 2b 12 32 70 
28 90 36 54 10 25 7b 02 15 20 08 0c 14 40 38 00 
00 8b af 80 09 29 02 01 11 08 15 06 20 24 4b 90 
30 02 b3 00 03 23 53 09 25 0b 60 91 20 c0 01 00 
20 bf 00 00 34 00 44 01 00 00 01 31 08 10 82 cf 
00 50 14 00 50 14 62 70 05 23 11 06 5c 12 00 03 
01 01 03 08 1c 21 19 10 00 8c cf 00 50 14 00 50 
14 62 70 05 23 11 06 5c 12 00 03 01 01 03 08 1c 
21 19 10 00 8c 8f 40 06 21 08 2c 00 00 45 61 01 
00 01 41 24 72 81 c0 97 10 97 97 06 21 08 9c 41 
04 11 c0 97 10 18 00 5f 9f 02 82 23 02 20 24 9b 
12 58 22 30 2b 12 32 70 28 90 36 54 10 25 7b 02 
15 20 08 0c 14 40 38 00 00 8b af 80 09 29 02 01 
11 08 15 06 20 24 4b 90 30 02 b3 00 03 23 53 09 
25 0b 60 91 20 c0 01 00 20 bf 00 00 34 00 44 01 
00 00 01 31 08 10 82 cf 00 50 14 00 50 14 62 70 
05 23 11 06 5c 12 00 03 01 01 03 08 1c 21 19 10 
00 8c cf 00 50 14 00 50 14 62 70 05 23 11 06 5c 
12 00 03 01 01 03 08 1c 21 19 10 00 8c 8f 50 06 
21 08 2c 00 00 45 61 01 00 01 41 24 72 81 c0 97 
10 97 97 06 21 08 9c 41 04 11 c0 97 10 18 00 6f 
9f 02 82 23 02 20 24 9b 12 58 22 30 2b 12 32 70 
28 90 36 54 10 25 7b 02 15 20 08 0c 14 40 38 00 
00 8b af 80 09 29 02 01 11 08 15 06 20 24 4b 90 
30 02 b3 00 03 23 53 09 25 0b 60 91 20 c0 01 00 

Mon Dec  8 21:31:59 PST 1997
bf 00 00 34 00 44 01 00 00 01 31 08 10 82 cf 00 
90 14 00 90 14 62 70 05 23 11 06 5c 12 00 03 01 
01 03 08 1c 21 19 10 00 0c cf 00 90 14 00 90 14 
62 70 05 23 11 06 5c 12 00 03 01 01 03 08 1c 21 
19 10 00 0c 8f 00 27 21 08 2c 00 00 45 61 01 00 
01 41 24 72 81 c0 97 10 97 97 27 21 08 9c 41 04 
11 c0 97 10 18 00 61 9f 01 82 23 02 20 24 9b 12 
58 22 30 2b 12 32 70 26 90 36 54 10 25 6b 02 27 
21 08 0c 14 40 38 00 00 8b af 80 09 29 02 01 11 
08 15 06 20 24 4b 90 30 02 b3 00 03 23 53 09 25 
0b 60 91 20 c0 01 00 20 bf 00 00 34 00 44 01 00 
00 01 31 08 10 82 cf 00 90 14 00 90 14 62 70 05 
23 11 06 5c 12 00 03 01 01 03 08 1c 21 19 10 00 
0c cf 00 90 14 00 90 14 62 70 05 23 11 06 5c 12 
00 03 01 01 03 08 1c 21 19 10 00 0c 8f 10 27 21 
08 2c 00 00 45 61 01 00 01 41 24 72 81 c0 97 10 
97 97 27 21 08 9c 41 04 11 c0 97 10 18 00 71 9f 
01 82 23 02 20 24 9b 12 58 22 30 2b 12 32 70 26 
90 36 54 10 25 6b 02 27 21 08 0c 14 40 38 00 00 
8b af 80 09 29 02 01 11 08 15 06 20 24 4b 90 30 
02 b3 00 03 23 53 09 25 0b 60 91 20 c0 01 00 20 
bf 00 00 34 00 44 01 00 00 01 31 08 10 82 cf 00 
90 14 00 90 14 62 70 05 23 11 06 5c 12 00 03 01 
01 03 08 1c 21 19 10 00 0c cf 00 90 14 00 90 14 
62 70 05 23 11 06 5c 12 00 03 01 01 03 08 1c 21 

Mon Dec  8 21:52:24 PST 1997
cf 00 10 09 00 00 09 62 70 05 23 11 06 5c 12 00 
02 01 01 03 08 1c 21 19 10 00 e5 8f 20 47 21 08 
2c 00 00 45 61 01 00 01 41 24 72 81 c0 97 10 97 
97 47 21 08 9c 41 04 11 c0 97 10 18 00 c1 9f 00 
82 23 02 20 24 9b 12 58 22 30 2b 12 32 70 22 90 
36 54 10 25 1b 02 46 21 08 0c 14 40 38 00 00 55 
af 80 09 29 02 01 11 08 15 06 20 24 4b 90 30 02 
b3 00 02 23 53 09 25 0b 60 91 20 c0 01 00 1f bf 
00 00 34 00 44 01 00 00 01 31 08 10 82 cf 00 10 
09 00 00 09 62 70 05 23 11 06 5c 12 00 02 01 01 
03 08 1c 21 19 10 00 e5 cf 00 10 09 00 00 09 62 
70 05 23 11 06 5c 12 00 02 01 01 03 08 1c 21 19 
10 00 e5 8f 30 47 21 08 2c 00 00 45 61 01 00 01 
41 24 72 81 c0 97 10 97 97 47 21 08 9c 41 04 11 
c0 97 10 18 00 d1 9f 00 82 23 02 20 24 9b 12 58 
22 30 2b 12 32 70 22 90 36 54 10 25 1b 02 46 21 
08 0c 14 40 38 00 00 55 af 80 09 29 02 01 11 08 
15 06 20 24 4b 90 30 02 b3 00 02 23 53 09 25 0b 
60 91 20 c0 01 00 1f bf 00 00 34 00 44 01 00 00 
01 31 08 10 82 cf 00 10 09 00 00 09 62 70 05 23 
11 06 5c 12 00 02 01 01 03 08 1c 21 19 10 00 e5 
cf 00 20 09 00 00 09 62 70 05 23 11 06 5c 12 00 
02 01 01 03 08 1c 21 19 10 00 f5 8f 40 47 21 08 
2c 00 00 45 61 01 00 01 41 24 72 81 c0 97 10 97 
97 47 21 08 9c 41 04 11 c0 97 10 18 00 e1 9f 00 

Mon Dec  8 22:12:49 PST 1997
8f 40 07 22 08 2c 00 00 45 61 01 00 01 41 24 72 
81 c0 97 10 97 97 07 22 08 9c 41 04 11 c0 97 10 
18 00 63 9f 99 81 23 02 20 24 9b 12 58 22 30 2b 
12 32 70 24 90 36 54 10 25 1b 02 46 21 08 0c 14 
40 38 00 00 ef af 80 09 29 02 01 11 08 15 06 20 
24 4b 90 30 02 b3 00 02 23 53 09 25 0b 60 91 20 
c0 01 00 1f bf 00 00 34 00 44 01 00 00 01 31 08 
10 82 cf 00 60 10 00 50 10 62 70 05 23 11 06 5c 
12 00 02 01 01 03 08 1c 21 19 10 00 93 cf 00 60 
10 00 50 10 62 70 05 23 11 06 5c 12 00 02 01 01 
03 08 1c 21 19 10 00 93 8f 50 07 22 08 2c 00 00 
45 61 01 00 01 41 24 72 81 c0 97 10 97 97 07 22 
08 9c 41 04 11 c0 97 10 18 00 73 9f 99 81 23 02 
20 24 9b 12 58 22 30 2b 12 32 70 24 90 36 54 10 
25 1b 02 46 21 08 0c 14 40 38 00 00 ef af 80 09 
29 02 01 11 08 15 06 20 24 4b 90 30 02 b3 00 02 
23 53 09 25 0b 60 91 20 c0 01 00 1f bf 00 00 34 
00 44 01 00 00 01 31 08 10 82 cf 00 50 10 00 50 
10 62 70 05 23 11 06 5c 12 00 02 01 01 03 08 1c 
21 19 10 00 83 cf 00 50 10 00 50 10 62 70 05 23 
11 06 5c 12 00 02 01 01 03 08 1c 21 19 10 00 83 
8f 00 08 22 08 2c 00 00 45 61 01 00 01 41 24 72 
81 c0 97 10 97 97 08 22 08 9c 41 04 11 c0 97 10 
18 00 25 9f 99 81 23 02 20 24 9b 12 58 22 30 2b 
12 32 70 24 90 36 54 10 25 1b 02 46 21 08 0c 14 

Mon Dec  8 22:33:10 PST 1997
bf 00 00 34 00 44 01 00 00 01 31 08 10 82 cf 00 
50 10 00 80 09 62 70 05 23 11 06 5c 12 00 02 01 
01 03 08 1c 21 19 10 00 ac cf 00 50 10 00 80 09 
62 70 05 23 11 06 5c 12 00 02 01 01 03 08 1c 21 
19 10 00 ac 8f 10 28 22 08 2c 00 00 45 61 01 00 
01 41 24 72 81 c0 97 10 97 97 28 22 08 9c 41 04 
11 c0 97 10 18 00 75 9f 97 81 23 02 20 24 9b 12 
58 22 30 2b 12 32 70 23 90 36 54 10 25 1b 02 46 
21 08 0c 14 40 38 00 00 ec af 80 09 29 02 01 11 
08 15 06 20 24 4b 90 30 02 b3 00 02 23 53 09 25 
0b 60 91 20 c0 01 00 1f bf 00 00 34 00 44 01 00 
00 01 31 08 10 82 cf 00 50 10 00 50 10 62 70 05 
23 11 06 5c 12 00 02 01 01 03 08 1c 21 19 10 00 
83 cf 00 00 13 00 50 10 62 70 05 23 11 06 5c 12 
00 02 01 01 03 08 1c 21 19 10 00 36 8f 20 28 22 
08 2c 00 00 45 61 01 00 01 41 24 72 81 c0 97 10 
97 97 28 22 08 9c 41 04 11 c0 97 10 18 00 85 9f 
97 81 23 02 20 24 9b 12 58 22 30 2b 12 32 70 23 
90 36 54 10 25 1b 02 46 21 08 0c 14 40 38 00 00 
ec af 81 09 39 02 01 11 08 15 06 20 24 4b 90 30 
02 b3 00 02 23 53 09 25 0b 60 91 20 c0 01 00 30 
bf 00 00 34 00 44 01 00 00 01 31 08 10 82 cf 00 
90 12 00 50 10 62 70 05 23 11 06 5c 12 00 02 01 
01 03 08 1c 21 19 10 00 c5 cf 00 90 12 00 50 10 
62 70 05 23 11 06 5c 12 00 02 01 01 03 08 1c 21 

Mon Dec  8 22:53:35 PST 1997
cf 00 80 10 00 00 11 62 70 05 23 11 06 5c 12 00 
02 01 01 03 08 1c 21 19 10 00 64 8f 30 48 22 08 
2c 00 00 45 61 01 00 01 41 24 72 81 c0 97 10 97 
97 48 22 08 9c 41 04 11 c0 97 10 18 00 d5 9f 95 
81 23 02 20 24 9b 12 58 22 30 2b 12 32 70 20 90 
36 54 10 25 0b 02 48 22 08 0c 14 40 38 00 00 da 
af 81 09 39 02 01 11 08 15 06 20 24 4b 90 30 02 
b3 00 02 23 53 09 25 0b 60 91 20 c0 01 00 30 bf 
00 00 34 00 44 01 00 00 01 31 08 10 82 cf 00 80 
10 00 00 11 62 70 05 23 11 06 5c 12 00 02 01 01 
03 08 1c 21 19 10 00 64 cf 00 80 10 00 00 11 62 
70 05 23 11 06 5c 12 00 02 01 01 03 08 1c 21 19 
10 00 64 8f 40 48 22 08 2c 00 00 45 61 01 00 01 
41 24 72 81 c0 97 10 97 97 48 22 08 9c 41 04 11 
c0 97 10 18 00 e5 9f 95 81 23 02 20 24 9b 12 58 
22 30 2b 12 32 70 20 90 36 54 10 25 0b 02 48 22 
08 0c 14 40 38 00 00 da af 81 09 39 02 01 11 08 
15 06 20 24 4b 90 30 02 b3 00 02 23 53 09 25 0b 
60 91 20 c0 01 00 30 bf 00 00 34 00 44 01 00 00 
01 31 08 10 82 cf 00 80 10 00 00 11 62 70 05 23 
11 06 5c 12 00 02 01 01 03 08 1c 21 19 10 00 64 
cf 00 80 10 00 00 11 62 70 05 23 11 06 5c 12 00 
02 01 01 03 08 1c 21 19 10 00 64 8f 50 48 22 08 
2c 00 00 45 61 01 00 01 41 24 72 81 c0 97 10 97 
97 48 22 08 9c 41 04 11 c0 97 10 18 00 f5 9f 95 

Mon Dec  8 23:14:00 PST 1997
8f 50 08 23 08 2c 00 00 45 61 01 00 01 41 24 72 
81 c0 97 10 97 97 08 23 08 9c 41 04 11 c0 97 10 
18 00 77 9f 93 81 23 02 20 24 9b 12 58 22 30 2b 
12 32 70 16 90 36 54 10 25 6b 01 08 23 08 0c 14 
40 38 00 00 ee af 81 09 39 02 01 11 07 15 06 20 
24 4b 90 30 02 b3 00 02 23 53 09 25 0b 60 91 20 
c0 01 00 2f bf 00 00 34 00 44 01 00 00 01 31 08 
10 82 cf 00 70 06 00 70 06 62 70 05 23 11 06 5c 
12 00 02 01 01 03 08 1c 21 19 10 00 af cf 00 70 
06 00 70 06 62 70 05 23 11 06 5c 12 00 02 01 01 
03 08 1c 21 19 10 00 af 8f 00 09 23 08 2c 00 00 
45 61 01 00 01 41 24 72 81 c0 97 10 97 97 09 23 
08 9c 41 04 11 c0 97 10 18 00 29 9f 93 81 23 02 
20 24 9b 12 58 22 30 2b 12 32 70 16 90 36 54 10 
25 6b 01 09 23 08 0c 14 40 38 00 00 ef af 81 09 
39 02 01 11 07 15 06 20 24 4b 90 30 02 b3 00 02 
23 53 09 25 0b 60 91 20 c0 01 00 2f bf 00 00 34 
00 44 01 00 00 01 31 08 10 82 cf 00 40 08 00 70 
06 62 70 05 23 11 06 5c 12 00 02 01 01 03 08 1c 
21 19 10 00 81 cf 00 70 12 00 70 06 62 70 05 23 
11 06 5c 12 00 02 01 01 03 08 1c 21 19 10 00 bb 
8f 10 09 23 08 2c 00 00 45 61 01 00 01 41 24 72 
81 c0 97 10 97 97 09 23 08 9c 41 04 11 c0 97 10 
18 00 39 9f 93 81 23 02 20 24 9b 12 58 22 30 2b 
12 32 70 16 90 36 54 10 25 6b 01 09 23 08 0c 14 

Mon Dec  8 23:34:21 PST 1997
8f 10 29 23 08 2c 00 00 45 61 01 00 01 41 24 72 
81 c0 97 10 97 97 29 23 08 9c 41 04 11 c0 97 10 
18 00 79 9f 91 81 23 02 20 24 9b 12 58 22 30 2b 
12 32 70 18 90 36 54 10 25 4b 01 24 23 08 0c 14 
40 38 00 00 ea af 81 09 39 02 01 11 07 15 06 20 
24 4b 90 30 02 b3 00 02 23 53 09 25 0b 60 91 20 
c0 01 00 2f bf 00 00 34 00 44 01 00 00 01 31 08 
10 82 cf 00 50 33 00 50 33 62 70 05 23 11 06 5c 
12 00 02 01 01 03 08 1c 21 19 10 00 c9 cf 00 50 
33 00 50 33 62 70 05 23 11 06 5c 12 00 02 01 01 
03 08 1c 21 19 10 00 c9 8f 20 29 23 08 2c 00 00 
45 61 01 00 01 41 24 72 81 c0 97 10 97 97 29 23 
08 9c 41 04 11 c0 97 10 18 00 89 9f 91 81 23 02 
20 24 9b 12 58 22 30 2b 12 32 70 18 90 36 54 10 
25 4b 01 24 23 08 0c 14 40 38 00 00 ea af 81 09 
39 02 01 11 07 15 06 20 24 4b 90 30 02 b3 00 02 
23 53 09 25 0b 60 91 20 c0 01 00 2f bf 00 00 34 
00 44 01 00 00 01 31 08 10 82 cf 00 50 33 00 50 
33 62 70 05 23 11 06 5c 12 00 02 01 01 03 08 1c 
21 19 10 00 c9 cf 00 50 33 00 50 33 62 70 05 23 
11 06 5c 12 00 02 01 01 03 08 1c 21 19 10 00 c9 
8f 30 29 23 08 2c 00 00 45 61 01 00 01 41 24 72 
81 c0 97 10 97 97 29 23 08 9c 41 04 11 c0 97 10 
18 00 99 9f 91 81 23 02 20 24 9b 12 58 22 30 2b 
12 32 70 18 90 36 54 10 25 4b 01 24 23 08 0c 14 

Mon Dec  8 23:54:41 PST 1997
8f 30 49 23 08 2c 00 00 45 61 01 00 01 41 24 72 
81 c0 97 10 97 97 49 23 08 9c 41 04 11 c0 97 10 
18 00 d9 9f 90 81 23 02 20 24 9b 12 58 22 30 2b 
12 32 70 23 90 36 54 10 25 4b 01 24 23 08 0c 14 
40 38 00 00 f4 af 81 09 39 02 01 11 07 15 06 20 
24 4b 90 30 02 b3 00 02 23 53 09 25 0b 60 91 20 
c0 01 00 2f bf 00 00 34 00 44 01 00 00 01 31 08 
10 82 cf 00 70 10 00 00 11 62 70 05 23 11 06 5c 
12 00 02 01 01 03 08 1c 21 19 10 00 54 cf 00 70 
10 00 00 11 62 70 05 23 11 06 5c 12 00 02 01 01 
03 08 1c 21 19 10 00 54 8f 40 49 23 08 2c 00 00 
45 61 01 00 01 41 24 72 81 c0 97 10 97 97 49 23 
08 9c 41 04 11 c0 97 10 18 00 e9 9f 90 81 23 02 
20 24 9b 12 58 22 30 2b 12 32 70 23 90 36 54 10 
25 4b 01 24 23 08 0c 14 40 38 00 00 f4 af 81 09 
39 02 01 11 07 15 06 20 24 4b 90 30 02 b3 00 02 
23 53 09 25 0b 60 91 20 c0 01 00 2f bf 00 00 34 
00 44 01 00 00 01 31 08 10 82 cf 00 70 10 00 00 
11 62 70 05 23 11 06 5c 12 00 02 01 01 03 08 1c 
21 19 10 00 54 cf 00 70 10 00 00 11 62 70 05 23 
11 06 5c 12 00 02 01 01 03 08 1c 21 19 10 00 54 
8f 50 49 23 08 2c 00 00 45 61 01 00 01 41 24 72 
81 c0 97 10 97 97 49 23 08 9c 41 04 11 c0 97 10 
18 00 f9 9f 90 81 23 02 20 24 9b 12 58 22 30 2b 
12 32 70 23 90 36 54 10 25 4b 01 24 23 08 0c 14 

Tue Dec  9 00:15:01 PST 1997
8f 50 09 00 09 2c 00 00 44 61 01 00 01 41 94 00 
90 c0 97 10 97 97 09 00 09 9c 41 04 11 c0 97 10 
18 00 41 9f 88 81 23 02 20 24 9b 12 58 22 30 2b 
12 32 70 31 90 36 54 10 25 4b 01 24 23 08 0c 14 
40 38 00 00 fa af 82 09 49 02 01 11 06 15 06 20 
24 4b 90 30 02 b3 00 03 23 53 09 25 0b 60 91 20 
c0 01 00 40 bf 00 00 05 00 44 01 00 00 01 31 08 
10 53 cf 00 90 16 00 80 32 62 70 05 23 11 06 5c 
12 00 03 01 01 03 08 1c 21 19 10 00 1c cf 00 90 
16 00 80 32 62 70 05 23 11 06 5c 12 00 03 01 01 
03 08 1c 21 19 10 00 1c 8f 00 10 00 09 2c 00 00 
44 61 01 00 01 41 04 01 90 c0 97 10 97 97 10 00 
09 9c 41 04 11 c0 97 10 18 00 70 9f 88 81 23 02 
20 24 9b 12 58 22 30 2b 12 32 70 31 90 36 54 10 
25 4b 01 24 23 08 0c 14 40 38 00 00 fa af 82 09 
49 02 01 11 06 15 06 20 24 4b 90 30 02 b3 00 03 
23 53 09 25 0b 60 91 20 c0 01 00 40 bf 00 00 05 
00 44 01 00 00 01 31 08 10 53 cf 00 90 16 00 80 
32 62 70 05 23 11 06 5c 12 00 03 01 01 03 08 1c 
21 19 10 00 1c cf 00 00 16 00 80 32 62 70 05 23 
11 06 5c 12 00 03 01 01 03 08 1c 21 19 10 00 8c 
8f 10 10 00 09 2c 00 00 44 61 01 00 01 41 04 01 
90 c0 97 10 97 97 10 00 09 9c 41 04 11 c0 97 10 
18 00 80 9f 88 81 23 02 20 24 9b 12 58 22 30 2b 
12 32 70 30 90 36 54 10 25 4b 01 24 23 08 0c 14 

Tue Dec  9 00:35:22 PST 1997
9f 86 81 23 02 20 24 9b 12 58 22 30 2b 12 32 70 
19 90 36 54 10 25 4b 01 24 23 08 0c 14 40 38 00 
00 e0 af 82 09 49 02 01 11 06 15 06 20 24 4b 90 
30 02 b3 00 02 23 53 09 25 0b 60 91 20 c0 01 00 
3f bf 00 00 05 00 44 01 00 00 01 31 08 10 53 cf 
00 30 10 00 30 10 62 70 05 23 11 06 5c 12 00 02 
01 01 03 08 1c 21 19 10 00 43 cf 00 30 10 00 30 
10 62 70 05 23 11 06 5c 12 00 02 01 01 03 08 1c 
21 19 10 00 43 8f 20 30 00 09 2c 00 00 44 61 01 
00 01 41 04 03 90 c0 97 10 97 97 30 00 09 9c 41 
04 11 c0 97 10 18 00 d2 9f 86 81 23 02 20 24 9b 
12 58 22 30 2b 12 32 70 19 90 36 54 10 25 4b 01 
24 23 08 0c 14 40 38 00 00 e0 af 82 09 49 02 01 
11 06 15 06 20 24 4b 90 30 02 b3 00 02 23 53 09 
25 0b 60 91 20 c0 01 00 3f bf 00 00 05 00 44 01 
00 00 01 31 08 10 53 cf 00 30 10 00 30 10 62 70 
05 23 11 06 5c 12 00 02 01 01 03 08 1c 21 19 10 
00 43 cf 00 30 10 00 30 10 62 70 05 23 11 06 5c 
12 00 02 01 01 03 08 1c 21 19 10 00 43 8f 30 30 
00 09 2c 00 00 44 61 01 00 01 41 04 03 90 c0 97 
10 97 97 30 00 09 9c 41 04 11 c0 97 10 18 00 e2 
9f 86 81 23 02 20 24 9b 12 58 22 30 2b 12 32 70 
19 90 36 54 10 25 4b 01 24 23 08 0c 14 40 38 00 
00 e0 af 82 09 49 02 01 11 06 15 06 20 24 4b 90 
30 02 b3 00 02 23 53 09 25 0b 60 91 20 c0 01 00 

Tue Dec  9 00:55:42 PST 1997
9f 84 81 23 02 20 24 9b 12 58 22 30 2b 12 32 70 
20 90 36 54 10 25 4b 01 24 23 08 0c 14 40 38 00 
00 e5 af 82 09 49 02 01 11 06 15 06 20 24 4b 90 
30 02 b3 00 02 23 53 09 25 0b 60 91 20 c0 01 00 
3f bf 00 00 05 00 44 01 00 00 01 31 08 10 53 cf 
00 50 14 00 50 14 62 70 05 23 11 06 5c 12 00 02 
01 01 03 08 1c 21 19 10 00 8b cf 00 50 14 00 50 
14 62 70 05 23 11 06 5c 12 00 02 01 01 03 08 1c 
21 19 10 00 8b 8f 40 50 00 09 2c 00 00 45 61 01 
00 01 41 34 04 90 c0 97 10 97 97 50 00 09 9c 41 
04 11 c0 97 10 18 00 64 9f 84 81 23 02 20 24 9b 
12 58 22 30 2b 12 32 70 20 90 36 54 10 25 4b 01 
24 23 08 0c 14 40 38 00 00 e5 af 82 09 49 02 01 
11 06 15 06 20 24 4b 90 30 02 b3 00 02 23 53 09 
25 0b 60 91 20 c0 01 00 3f bf 00 00 05 00 44 01 
00 00 01 31 08 10 53 cf 00 50 14 00 50 14 62 70 
05 23 11 06 5c 12 00 02 01 01 03 08 1c 21 19 10 
00 8b cf 00 50 14 00 50 14 62 70 05 23 11 06 5c 
12 00 02 01 01 03 08 1c 21 19 10 00 8b 8f 50 50 
00 09 2c 00 00 45 61 01 00 01 41 34 04 90 c0 97 
10 97 97 50 00 09 9c 41 04 11 c0 97 10 18 00 74 
9f 84 81 23 02 20 24 9b 12 58 22 30 2b 12 32 70 
20 90 36 54 10 25 4b 01 24 23 08 0c 14 40 38 00 
00 e5 af 82 09 49 02 01 11 06 15 06 20 24 4b 90 
30 02 b3 00 02 23 53 09 25 0b 60 91 20 c0 01 00 

Tue Dec  9 01:16:02 PST 1997
9f 83 81 23 02 20 24 9b 12 58 22 30 2b 12 32 70 
17 90 36 54 10 25 4b 01 24 23 08 0c 14 40 38 00 
00 db af 82 09 49 02 01 11 06 15 06 20 24 4b 90 
30 02 b3 00 02 23 53 09 25 0b 60 91 20 c0 01 00 
3f bf 00 00 05 00 44 01 00 00 01 31 08 10 53 cf 
00 50 14 00 50 14 62 70 05 23 11 06 5c 12 00 02 
01 01 03 08 1c 21 19 10 00 8b cf 00 50 14 00 50 
14 62 70 05 23 11 06 5c 12 00 02 01 01 03 08 1c 
21 19 10 00 8b 8f 00 11 01 09 2c 00 00 45 61 01 
00 01 41 34 04 90 c0 97 10 97 97 11 01 09 9c 41 
04 11 c0 97 10 18 00 a8 9f 83 81 23 02 20 24 9b 
12 58 22 30 2b 12 32 70 17 90 36 54 10 25 4b 01 
24 23 08 0c 14 40 38 00 00 db af 82 09 49 02 01 
11 06 15 06 20 24 4b 90 30 02 b3 00 02 23 53 09 
25 0b 60 91 20 c0 01 00 3f bf 00 00 05 00 44 01 
00 00 01 31 08 10 53 cf 00 50 14 00 50 14 62 70 
05 23 11 06 5c 12 00 02 01 01 03 08 1c 21 19 10 
00 8b cf 00 50 14 00 50 14 62 70 05 23 11 06 5c 
12 00 02 01 01 03 08 1c 21 19 10 00 8b 8f 10 11 
01 09 2c 00 00 45 61 01 00 01 41 34 04 90 c0 97 
10 97 97 11 01 09 9c 41 04 11 c0 97 10 18 00 b8 
9f 83 81 23 02 20 24 9b 12 58 22 30 2b 12 32 70 
17 90 36 54 10 25 4b 01 24 23 08 0c 14 40 38 00 
00 db af 82 09 49 02 01 11 06 15 06 20 24 4b 90 
30 02 b3 00 02 23 53 09 25 0b 60 91 20 c0 01 00 

Tue Dec  9 01:36:23 PST 1997
9f 81 81 23 02 20 24 9b 12 58 22 30 2b 12 32 70 
16 90 36 54 10 25 4b 01 24 23 08 0c 14 40 38 00 
00 d8 af 83 09 59 02 01 11 06 15 06 20 24 4b 90 
30 02 b3 00 02 23 53 09 25 0b 60 91 20 c0 01 00 
50 bf 00 00 05 00 44 01 00 00 01 31 08 10 53 cf 
00 60 13 00 60 13 62 70 05 23 11 06 5c 12 00 02 
01 01 03 08 1c 21 19 10 00 a9 cf 00 60 13 00 60 
13 62 70 05 23 11 06 5c 12 00 02 01 01 03 08 1c 
21 19 10 00 a9 8f 20 31 01 09 2c 00 00 44 61 01 
00 01 41 14 13 90 c0 97 10 97 97 31 01 09 9c 41 
04 11 c0 97 10 18 00 f6 9f 81 81 23 02 20 24 9b 
12 58 22 30 2b 12 32 70 16 90 36 54 10 25 4b 01 
24 23 08 0c 14 40 38 00 00 d8 af 83 09 59 02 01 
11 06 15 06 20 24 4b 90 30 02 b3 00 02 23 53 09 
25 0b 60 91 20 c0 01 00 50 bf 00 00 05 00 44 01 
00 00 01 31 08 10 53 cf 00 60 13 00 60 13 62 70 
05 23 11 06 5c 12 00 02 01 01 03 08 1c 21 19 10 
00 a9 cf 00 60 13 00 60 13 62 70 05 23 11 06 5c 
12 00 02 01 01 03 08 1c 21 19 10 00 a9 8f 30 31 
01 09 2c 00 00 44 61 01 00 01 41 14 13 90 c0 97 
10 97 97 31 01 09 9c 41 04 11 c0 97 10 18 00 06 
9f 81 81 23 02 20 24 9b 12 58 22 30 2b 12 32 70 
16 90 36 54 10 25 4b 01 24 23 08 0c 14 40 38 00 
00 d8 af 83 09 59 02 01 11 06 15 06 20 24 4b 90 
30 02 b3 00 02 23 53 09 25 0b 60 91 20 c0 01 00 

Tue Dec  9 01:56:43 PST 1997
9f 80 81 23 02 20 24 9b 12 58 22 30 2b 12 32 70 
16 90 36 54 10 25 4b 01 24 23 08 0c 14 40 38 00 
00 d7 af 83 09 59 02 01 11 06 15 06 20 24 4b 90 
30 02 b3 00 02 23 53 09 25 0b 60 91 20 c0 01 00 
50 bf 00 00 05 00 44 01 00 00 01 31 08 10 53 cf 
00 00 10 00 00 10 62 70 05 23 11 06 5c 12 00 02 
01 01 03 08 1c 21 19 10 00 e3 cf 00 00 10 00 00 
10 62 70 05 23 11 06 5c 12 00 02 01 01 03 08 1c 
21 19 10 00 e3 8f 40 51 01 09 2c 00 00 44 61 01 
00 01 41 14 15 90 c0 97 10 97 97 51 01 09 9c 41 
04 11 c0 97 10 18 00 58 9f 80 81 23 02 20 24 9b 
12 58 22 30 2b 12 32 70 16 90 36 54 10 25 4b 01 
24 23 08 0c 14 40 38 00 00 d7 af 83 09 59 02 01 
11 06 15 06 20 24 4b 90 30 02 b3 00 02 23 53 09 
25 0b 60 91 20 c0 01 00 50 bf 00 00 05 00 44 01 
00 00 01 31 08 10 53 cf 00 00 10 00 00 10 62 70 
05 23 11 06 5c 12 00 02 01 01 03 08 1c 21 19 10 
00 e3 cf 00 00 10 00 00 10 62 70 05 23 11 06 5c 
12 00 02 01 01 03 08 1c 21 19 10 00 e3 8f 50 51 
01 09 2c 00 00 44 61 01 00 01 41 14 15 90 c0 97 
10 97 97 51 01 09 9c 41 04 11 c0 97 10 18 00 68 
9f 80 81 23 02 20 24 9b 12 58 22 30 2b 12 32 70 
15 90 36 54 10 25 4b 01 24 23 08 0c 14 40 38 00 
00 d6 af 83 09 59 02 01 11 06 15 06 20 24 4b 90 
30 02 b3 00 02 23 53 09 25 0b 60 91 20 c0 01 00 

Tue Dec  9 02:17:03 PST 1997
9f 78 81 23 02 20 24 9b 12 58 22 30 2b 12 32 70 
14 90 36 54 10 25 3b 01 10 02 09 0c 14 40 38 00 
00 89 af 83 09 59 02 01 11 06 15 06 20 24 4b 90 
30 02 b3 00 01 23 53 09 25 0b 60 91 20 c0 01 00 
4f bf 00 00 05 00 44 01 00 00 01 31 08 10 53 cf 
00 90 15 00 90 15 62 70 05 23 11 06 5c 12 00 01 
01 01 03 08 1c 21 19 10 00 0c cf 00 80 15 00 90 
15 62 70 05 23 11 06 5c 12 00 01 01 01 03 08 1c 
21 19 10 00 fc 8f 00 12 02 09 2c 00 00 44 61 01 
00 01 41 24 21 90 c0 97 10 97 97 12 02 09 9c 41 
04 11 c0 97 10 18 00 b8 9f 78 81 23 02 20 24 9b 
12 58 22 30 2b 12 32 70 14 90 36 54 10 25 3b 01 
10 02 09 0c 14 40 38 00 00 89 af 83 09 59 02 01 
11 06 15 06 20 24 4b 90 30 02 b3 00 01 23 53 09 
25 0b 60 91 20 c0 01 00 4f bf 00 00 05 00 44 01 
00 00 01 31 08 10 53 cf 00 40 08 00 90 15 62 70 
05 23 11 06 5c 12 00 01 01 01 03 08 1c 21 19 10 
00 af cf 00 80 02 00 90 15 62 70 05 23 11 06 5c 
12 00 01 01 01 03 08 1c 21 19 10 00 e9 8f 10 12 
02 09 2c 00 00 44 61 01 00 01 41 24 21 90 c0 97 
10 97 97 12 02 09 9c 41 04 11 c0 97 10 18 00 c8 
9f 78 81 23 02 20 24 9b 12 58 22 30 2b 12 32 70 
14 90 36 54 10 25 3b 01 10 02 09 0c 14 40 38 00 
00 89 af 83 09 59 02 01 11 06 15 06 20 24 4b 90 
30 02 b3 00 01 23 53 09 25 0b 60 91 20 c0 01 00 

Tue Dec  9 02:37:24 PST 1997
9f 76 81 23 02 20 24 9b 12 58 22 30 2b 12 32 70 
14 90 36 54 10 25 2b 01 27 02 09 0c 14 40 38 00 
00 8e af 83 09 59 02 01 11 06 15 06 20 24 4b 90 
30 02 b3 00 01 23 53 09 25 0b 60 91 20 c0 01 00 
4f bf 00 00 05 00 44 01 00 00 01 31 08 10 53 cf 
00 80 14 00 80 14 62 70 05 23 11 06 5c 12 00 01 
01 01 03 08 1c 21 19 10 00 ea cf 00 80 14 00 80 
14 62 70 05 23 11 06 5c 12 00 01 01 01 03 08 1c 
21 19 10 00 ea 8f 20 32 02 09 2c 00 00 44 61 01 
00 01 41 24 23 90 c0 97 10 97 97 32 02 09 9c 41 
04 11 c0 97 10 18 00 1a 9f 76 81 23 02 20 24 9b 
12 58 22 30 2b 12 32 70 14 90 36 54 10 25 2b 01 
27 02 09 0c 14 40 38 00 00 8e af 83 09 59 02 01 
11 06 15 06 20 24 4b 90 30 02 b3 00 01 23 53 09 
25 0b 60 91 20 c0 01 00 4f bf 00 00 05 00 44 01 
00 00 01 31 08 10 53 cf 00 80 14 00 80 14 62 70 
05 23 11 06 5c 12 00 01 01 01 03 08 1c 21 19 10 
00 ea cf 00 80 14 00 80 14 62 70 05 23 11 06 5c 
12 00 01 01 01 03 08 1c 21 19 10 00 ea 8f 30 32 
02 09 2c 00 00 44 61 01 00 01 41 24 23 90 c0 97 
10 97 97 32 02 09 9c 41 04 11 c0 97 10 18 00 2a 
9f 76 81 23 02 20 24 9b 12 58 22 30 2b 12 32 70 
14 90 36 54 10 25 2b 01 27 02 09 0c 14 40 38 00 
00 8e af 83 09 59 02 01 11 06 15 06 20 24 4b 90 
30 02 b3 00 01 23 53 09 25 0b 60 91 20 c0 01 00 

Tue Dec  9 02:57:44 PST 1997
9f 75 81 23 02 20 24 9b 12 58 22 30 2b 12 32 70 
13 90 36 54 10 25 2b 01 27 02 09 0c 14 40 38 00 
00 8c af 83 09 59 02 01 11 06 15 06 20 24 4b 90 
30 02 b3 00 01 23 53 09 25 0b 60 91 20 c0 01 00 
4f bf 00 00 05 00 44 01 00 00 01 31 08 10 53 cf 
00 70 10 00 70 10 62 70 05 23 11 06 5c 12 00 01 
01 01 03 08 1c 21 19 10 00 c2 cf 00 70 10 00 70 
10 62 70 05 23 11 06 5c 12 00 01 01 01 03 08 1c 
21 19 10 00 c2 8f 40 52 02 09 2c 00 00 45 61 01 
00 01 41 14 25 90 c0 97 10 97 97 52 02 09 9c 41 
04 11 c0 97 10 18 00 6d 9f 75 81 23 02 20 24 9b 
12 58 22 30 2b 12 32 70 13 90 36 54 10 25 2b 01 
27 02 09 0c 14 40 38 00 00 8c af 83 09 59 02 01 
11 06 15 06 20 24 4b 90 30 02 b3 00 01 23 53 09 
25 0b 60 91 20 c0 01 00 4f bf 00 00 05 00 44 01 
00 00 01 31 08 10 53 cf 00 70 10 00 70 10 62 70 
05 23 11 06 5c 12 00 01 01 01 03 08 1c 21 19 10 
00 c2 cf 00 70 10 00 70 10 62 70 05 23 11 06 5c 
12 00 01 01 01 03 08 1c 21 19 10 00 c2 8f 50 52 
02 09 2c 00 00 45 61 01 00 01 41 14 25 90 c0 97 
10 97 97 52 02 09 9c 41 04 11 c0 97 10 18 00 7d 
9f 75 81 23 02 20 24 9b 12 58 22 30 2b 12 32 70 
13 90 36 54 10 25 2b 01 27 02 09 0c 14 40 38 00 
00 8c af 83 09 59 02 01 11 06 15 06 20 24 4b 90 
30 02 b3 00 01 23 53 09 25 0b 60 91 20 c0 01 00 

Tue Dec  9 03:18:04 PST 1997
9f 73 81 23 02 20 24 9b 12 58 22 30 2b 12 32 70 
15 90 36 54 10 25 2b 01 27 02 09 0c 14 40 38 00 
00 8c af 84 09 69 02 01 11 05 15 06 20 24 4b 90 
30 02 b3 00 02 23 53 09 25 0b 60 91 20 c0 01 00 
60 bf 00 00 05 00 44 01 00 00 01 31 08 10 53 cf 
00 90 14 00 90 14 62 70 05 23 11 06 5c 12 00 02 
01 01 03 08 1c 21 19 10 00 0b cf 00 90 14 00 90 
14 62 70 05 23 11 06 5c 12 00 02 01 01 03 08 1c 
21 19 10 00 0b 8f 00 13 03 09 2c 00 00 44 61 01 
00 01 41 34 31 90 c0 97 10 97 97 13 03 09 9c 41 
04 11 c0 97 10 18 00 dc 9f 73 81 23 02 20 24 9b 
12 58 22 30 2b 12 32 70 15 90 36 54 10 25 2b 01 
27 02 09 0c 14 40 38 00 00 8c af 84 09 69 02 01 
11 05 15 06 20 24 4b 90 30 02 b3 00 02 23 53 09 
25 0b 60 91 20 c0 01 00 60 bf 00 00 05 00 44 01 
00 00 01 31 08 10 53 cf 00 90 14 00 90 14 62 70 
05 23 11 06 5c 12 00 02 01 01 03 08 1c 21 19 10 
00 0b cf 00 90 14 00 90 14 62 70 05 23 11 06 5c 
12 00 02 01 01 03 08 1c 21 19 10 00 0b 8f 10 13 
03 09 2c 00 00 44 61 01 00 01 41 34 31 90 c0 97 
10 97 97 13 03 09 9c 41 04 11 c0 97 10 18 00 ec 
9f 73 81 23 02 20 24 9b 12 58 22 30 2b 12 32 70 
15 90 36 54 10 25 2b 01 27 02 09 0c 14 40 38 00 
00 8c af 84 09 69 02 01 11 05 15 06 20 24 4b 90 
30 02 b3 00 02 23 53 09 25 0b 60 91 20 c0 01 00 

Tue Dec  9 03:38:25 PST 1997
9f 72 81 23 02 20 24 9b 12 58 22 30 2b 12 32 70 
13 90 36 54 10 25 2b 01 24 03 09 0c 14 40 38 00 
00 87 af 84 09 69 02 01 11 05 15 06 20 24 4b 90 
30 02 b3 00 01 23 53 09 25 0b 60 91 20 c0 01 00 
5f bf 00 00 05 00 44 01 00 00 01 31 08 10 53 cf 
00 70 12 00 70 12 62 70 05 23 11 06 5c 12 00 01 
01 01 03 08 1c 21 19 10 00 c6 cf 00 60 12 00 70 
12 62 70 05 23 11 06 5c 12 00 01 01 01 03 08 1c 
21 19 10 00 b6 8f 20 33 03 09 2c 00 00 44 61 01 
00 01 41 34 33 90 c0 97 10 97 97 33 03 09 9c 41 
04 11 c0 97 10 18 00 3e 9f 72 81 23 02 20 24 9b 
12 58 22 30 2b 12 32 70 13 90 36 54 10 25 2b 01 
24 03 09 0c 14 40 38 00 00 87 af 84 09 69 02 01 
11 05 15 06 20 24 4b 90 30 02 b3 00 01 23 53 09 
25 0b 60 91 20 c0 01 00 5f bf 00 00 05 00 44 01 
00 00 01 31 08 10 53 cf 00 60 12 00 70 12 62 70 
05 23 11 06 5c 12 00 01 01 01 03 08 1c 21 19 10 
00 b6 cf 00 60 12 00 70 12 62 70 05 23 11 06 5c 
12 00 01 01 01 03 08 1c 21 19 10 00 b6 8f 30 33 
03 09 2c 00 00 44 61 01 00 01 41 34 33 90 c0 97 
10 97 97 33 03 09 9c 41 04 11 c0 97 10 18 00 4e 
9f 72 81 23 02 20 24 9b 12 58 22 30 2b 12 32 70 
13 90 36 54 10 25 2b 01 24 03 09 0c 14 40 38 00 
00 87 af 84 09 69 02 01 11 05 15 06 20 24 4b 90 
30 02 b3 00 01 23 53 09 25 0b 60 91 20 c0 01 00 

Tue Dec  9 03:58:45 PST 1997
9f 70 81 23 02 20 24 9b 12 58 22 30 2b 12 32 70 
09 90 36 54 10 25 9b 00 53 03 09 0c 14 40 38 00 
00 19 af 84 09 69 02 01 11 05 15 06 20 24 4b 90 
30 02 b3 00 01 23 53 09 25 0b 60 91 20 c0 01 00 
5f bf 00 00 05 00 44 01 00 00 01 31 08 10 53 cf 
00 30 12 00 30 12 62 70 05 23 11 06 5c 12 00 01 
01 01 03 08 1c 21 19 10 00 46 cf 00 30 12 00 30 
12 62 70 05 23 11 06 5c 12 00 01 01 01 03 08 1c 
21 19 10 00 46 8f 40 53 03 09 2c 00 00 44 61 01 
00 01 41 34 35 90 c0 97 10 97 97 53 03 09 9c 41 
04 11 c0 97 10 18 00 a0 9f 70 81 23 02 20 24 9b 
12 58 22 30 2b 12 32 70 09 90 36 54 10 25 9b 00 
53 03 09 0c 14 40 38 00 00 19 af 84 09 69 02 01 
11 05 15 06 20 24 4b 90 30 02 b3 00 01 23 53 09 
25 0b 60 91 20 c0 01 00 5f bf 00 00 05 00 44 01 
00 00 01 31 08 10 53 cf 00 30 12 00 30 12 62 70 
05 23 11 06 5c 12 00 01 01 01 03 08 1c 21 19 10 
00 46 cf 00 30 12 00 30 12 62 70 05 23 11 06 5c 
12 00 01 01 01 03 08 1c 21 19 10 00 46 8f 50 53 
03 09 2c 00 00 44 61 01 00 01 41 34 35 90 c0 97 
10 97 97 53 03 09 9c 41 04 11 c0 97 10 18 00 b0 
9f 70 81 23 02 20 24 9b 12 58 22 30 2b 12 32 70 
09 90 36 54 10 25 9b 00 53 03 09 0c 14 40 38 00 
00 19 af 84 09 69 02 01 11 05 15 06 20 24 4b 90 
30 02 b3 00 01 23 53 09 25 0b 60 91 20 c0 01 00 

Tue Dec  9 04:19:05 PST 1997
9f 69 81 23 02 20 24 9b 12 58 22 30 2b 12 32 70 
05 90 36 54 10 25 5b 00 13 04 09 0c 14 40 38 00 
00 8f af 84 09 69 02 01 11 05 15 06 20 24 4b 90 
30 02 b3 00 01 23 53 09 25 0b 60 91 20 c0 01 00 
5f bf 00 00 05 00 44 01 00 00 01 31 08 10 53 cf 
00 10 12 00 10 12 62 70 05 23 11 06 5c 12 00 01 
01 01 03 08 1c 21 19 10 00 06 cf 00 10 12 00 10 
12 62 70 05 23 11 06 5c 12 00 01 01 01 03 08 1c 
21 19 10 00 06 8f 00 14 04 09 2c 00 00 44 61 01 
00 01 41 44 41 90 c0 97 10 97 97 14 04 09 9c 41 
04 11 c0 97 10 18 00 00 9f 69 81 23 02 20 24 9b 
12 58 22 30 2b 12 32 70 05 90 36 54 10 25 5b 00 
14 04 09 0c 14 40 38 00 00 90 af 84 09 69 02 01 
11 05 15 06 20 24 4b 90 30 02 b3 00 01 23 53 09 
25 0b 60 91 20 c0 01 00 5f bf 00 00 05 00 44 01 
00 00 01 31 08 10 53 cf 00 10 12 00 10 12 62 70 
05 23 11 06 5c 12 00 01 01 01 03 08 1c 21 19 10 
00 06 cf 00 60 11 00 10 12 62 70 05 23 11 06 5c 
12 00 01 01 01 03 08 1c 21 19 10 00 55 8f 10 14 
04 09 2c 00 00 44 61 01 00 01 41 44 41 90 c0 97 
10 97 97 14 04 09 9c 41 04 11 c0 97 10 18 00 10 
9f 69 81 23 02 20 24 9b 12 58 22 30 2b 12 32 70 
05 90 36 54 10 25 5b 00 14 04 09 0c 14 40 38 00 
00 90 af 84 09 69 02 01 11 05 15 06 20 24 4b 90 
30 02 b3 00 01 23 53 09 25 0b 60 91 20 c0 01 00 

Tue Dec  9 04:39:26 PST 1997
9f 68 81 23 02 20 24 9b 12 58 22 30 2b 12 32 70 
06 90 36 54 10 25 5b 00 32 04 09 0c 14 40 38 00 
00 ae af 84 09 69 02 01 11 05 15 06 20 24 4b 90 
30 02 b3 00 01 23 53 09 25 0b 60 91 20 c0 01 00 
5f bf 00 00 05 00 44 01 00 00 01 31 08 10 53 cf 
00 80 13 00 80 13 62 70 05 23 11 06 5c 12 00 01 
01 01 03 08 1c 21 19 10 00 e8 cf 00 90 13 00 80 
13 62 70 05 23 11 06 5c 12 00 01 01 01 03 08 1c 
21 19 10 00 f8 8f 20 34 04 09 2c 00 00 44 61 01 
00 01 41 44 43 90 c0 97 10 97 97 34 04 09 9c 41 
04 11 c0 97 10 18 00 62 9f 67 81 23 02 20 24 9b 
12 58 22 30 2b 12 32 70 06 90 36 54 10 25 5b 00 
32 04 09 0c 14 40 38 00 00 ad af 84 09 69 02 01 
11 05 15 06 20 24 4b 90 30 02 b3 00 01 23 53 09 
25 0b 60 91 20 c0 01 00 5f bf 00 00 05 00 44 01 
00 00 01 31 08 10 53 cf 00 00 14 00 80 13 62 70 
05 23 11 06 5c 12 00 01 01 01 03 08 1c 21 19 10 
00 69 cf 00 50 14 00 80 13 62 70 05 23 11 06 5c 
12 00 01 01 01 03 08 1c 21 19 10 00 b9 8f 30 34 
04 09 2c 00 00 44 61 01 00 01 41 44 43 90 c0 97 
10 97 97 34 04 09 9c 41 04 11 c0 97 10 18 00 72 
9f 67 81 23 02 20 24 9b 12 58 22 30 2b 12 32 70 
06 90 36 54 10 25 5b 00 32 04 09 0c 14 40 38 00 
00 ad af 84 09 69 02 01 11 05 15 06 20 24 4b 90 
30 02 b3 00 01 23 53 09 25 0b 60 91 20 c0 01 00 

Tue Dec  9 04:59:46 PST 1997
9f 66 81 23 02 20 24 9b 12 58 22 30 2b 12 32 70 
10 90 36 54 10 25 5b 00 32 04 09 0c 14 40 38 00 
00 b6 af 84 09 69 02 01 11 05 15 06 20 24 4b 90 
30 02 b3 00 01 23 53 09 25 0b 60 91 20 c0 01 00 
5f bf 00 00 05 00 44 01 00 00 01 31 08 10 53 cf 
00 30 08 00 30 08 62 70 05 23 11 06 5c 12 00 01 
01 01 03 08 1c 21 19 10 00 32 cf 00 30 08 00 30 
08 62 70 05 23 11 06 5c 12 00 01 01 01 03 08 1c 
21 19 10 00 32 8f 40 54 04 09 2c 00 00 44 61 01 
00 01 41 44 45 90 c0 97 10 97 97 54 04 09 9c 41 
04 11 c0 97 10 18 00 c4 9f 66 81 23 02 20 24 9b 
12 58 22 30 2b 12 32 70 10 90 36 54 10 25 5b 00 
32 04 09 0c 14 40 38 00 00 b6 af 84 09 69 02 01 
11 05 15 06 20 24 4b 90 30 02 b3 00 01 23 53 09 
25 0b 60 91 20 c0 01 00 5f bf 00 00 05 00 44 01 
00 00 01 31 08 10 53 cf 00 30 08 00 30 08 62 70 
05 23 11 06 5c 12 00 01 01 01 03 08 1c 21 19 10 
00 32 cf 00 30 08 00 30 08 62 70 05 23 11 06 5c 
12 00 01 01 01 03 08 1c 21 19 10 00 32 8f 50 54 
04 09 2c 00 00 44 61 01 00 01 41 44 45 90 c0 97 
10 97 97 54 04 09 9c 41 04 11 c0 97 10 18 00 d4 
9f 66 81 23 02 20 24 9b 12 58 22 30 2b 12 32 70 
10 90 36 54 10 25 5b 00 32 04 09 0c 14 40 38 00 
00 b6 af 84 09 69 02 01 11 05 15 06 20 24 4b 90 
30 02 b3 00 01 23 53 09 25 0b 60 91 20 c0 01 00 

Tue Dec  9 05:20:06 PST 1997
9f 65 81 23 02 20 24 9b 12 58 22 30 2b 12 32 70 
11 90 36 54 10 25 5b 00 32 04 09 0c 14 40 38 00 
00 b6 af 84 09 69 02 01 11 05 15 06 20 24 4b 90 
30 02 b3 00 01 23 53 09 25 0b 60 91 20 c0 01 00 
5f bf 00 00 05 00 44 01 00 00 01 31 08 10 53 cf 
00 80 06 00 80 06 62 70 05 23 11 06 5c 12 00 01 
01 01 03 08 1c 21 19 10 00 ce cf 00 80 06 00 80 
06 62 70 05 23 11 06 5c 12 00 01 01 01 03 08 1c 
21 19 10 00 ce 8f 00 15 05 09 2c 00 00 44 61 01 
00 01 41 54 51 90 c0 97 10 97 97 15 05 09 9c 41 
04 11 c0 97 10 18 00 24 9f 65 81 23 02 20 24 9b 
12 58 22 30 2b 12 32 70 11 90 36 54 10 25 5b 00 
32 04 09 0c 14 40 38 00 00 b6 af 84 09 69 02 01 
11 05 15 06 20 24 4b 90 30 02 b3 00 01 23 53 09 
25 0b 60 91 20 c0 01 00 5f bf 00 00 05 00 44 01 
00 00 01 31 08 10 53 cf 00 80 06 00 80 06 62 70 
05 23 11 06 5c 12 00 01 01 01 03 08 1c 21 19 10 
00 ce cf 00 80 06 00 80 06 62 70 05 23 11 06 5c 
12 00 01 01 01 03 08 1c 21 19 10 00 ce 8f 10 15 
05 09 2c 00 00 44 61 01 00 01 41 54 51 90 c0 97 
10 97 97 15 05 09 9c 41 04 11 c0 97 10 18 00 34 
9f 65 81 23 02 20 24 9b 12 58 22 30 2b 12 32 70 
11 90 36 54 10 25 5b 00 32 04 09 0c 14 40 38 00 
00 b6 af 84 09 69 02 01 11 05 15 06 20 24 4b 90 
30 02 b3 00 01 23 53 09 25 0b 60 91 20 c0 01 00 

Tue Dec  9 05:40:27 PST 1997
9f 63 81 23 02 20 24 9b 12 58 22 30 2b 12 32 70 
06 90 36 54 10 25 5b 00 32 04 09 0c 14 40 38 00 
00 a9 af 85 09 79 02 01 11 04 15 06 20 24 4b 50 
53 90 c0 00 01 23 53 09 25 0b 60 91 20 c0 01 00 
ed bf 00 00 05 00 44 01 00 00 01 31 08 10 53 cf 
00 10 14 00 10 14 62 70 05 23 11 06 5c 12 00 01 
01 01 03 08 1c 21 19 10 00 0a cf 00 30 15 00 10 
14 62 70 05 23 11 06 5c 12 00 01 01 01 03 08 1c 
21 19 10 00 2b 8f 20 35 05 09 2c 00 00 44 61 01 
00 01 41 54 53 90 c0 97 10 97 97 35 05 09 9c 41 
04 11 c0 97 10 18 00 86 9f 63 81 23 02 20 24 9b 
12 58 22 30 2b 12 32 70 06 90 36 54 10 25 5b 00 
32 04 09 0c 14 40 38 00 00 a9 af 85 09 79 02 01 
11 04 15 06 20 24 4b 50 53 90 c0 00 01 23 53 09 
25 0b 60 91 20 c0 01 00 ed bf 00 00 05 00 44 01 
00 00 01 31 08 10 53 cf 00 40 15 00 10 14 62 70 
05 23 11 06 5c 12 00 01 01 01 03 08 1c 21 19 10 
00 3b cf 00 40 15 00 10 14 62 70 05 23 11 06 5c 
12 00 01 01 01 03 08 1c 21 19 10 00 3b 8f 30 35 
05 09 2c 00 00 44 61 01 00 01 41 54 53 90 c0 97 
10 97 97 35 05 09 9c 41 04 11 c0 97 10 18 00 96 
9f 63 81 23 02 20 24 9b 12 58 22 30 2b 12 32 70 
06 90 36 54 10 25 5b 00 32 04 09 0c 14 40 38 00 
00 a9 af 85 09 79 02 01 11 04 15 06 20 24 4b 50 
53 90 c0 00 01 23 53 09 25 0b 60 91 20 c0 01 00 

Tue Dec  9 06:00:47 PST 1997
9f 62 81 23 02 20 24 9b 12 58 22 30 2b 12 32 70 
16 90 36 54 10 25 5b 00 32 04 09 0c 14 40 38 00 
00 b8 af 85 09 79 02 01 11 04 15 06 20 24 4b 50 
55 90 c0 00 02 23 53 09 25 0b 60 91 20 c0 01 00 
f0 bf 00 00 05 00 44 01 00 00 01 31 08 10 53 cf 
00 80 12 00 70 11 62 70 05 23 11 06 5c 12 00 02 
01 01 03 08 1c 21 19 10 00 d6 cf 00 90 12 00 70 
11 62 70 05 23 11 06 5c 12 00 02 01 01 03 08 1c 
21 19 10 00 e6 8f 40 55 05 09 2c 00 00 44 61 01 
00 01 41 54 55 90 c0 97 10 97 97 55 05 09 9c 41 
04 11 c0 97 10 18 00 e8 9f 62 81 23 02 20 24 9b 
12 58 22 30 2b 12 32 70 16 90 36 54 10 25 5b 00 
32 04 09 0c 14 40 38 00 00 b8 af 85 09 79 02 01 
11 04 15 06 20 24 4b 50 55 90 c0 00 02 23 53 09 
25 0b 60 91 20 c0 01 00 f0 bf 00 00 05 00 44 01 
00 00 01 31 08 10 53 cf 00 90 12 00 70 11 62 70 
05 23 11 06 5c 12 00 02 01 01 03 08 1c 21 19 10 
00 e6 cf 00 20 13 00 70 11 62 70 05 23 11 06 5c 
12 00 02 01 01 03 08 1c 21 19 10 00 77 8f 50 55 
05 09 2c 00 00 44 61 01 00 01 41 54 55 90 c0 97 
10 97 97 55 05 09 9c 41 04 11 c0 97 10 18 00 f8 
9f 62 81 23 02 20 24 9b 12 58 22 30 2b 12 32 70 
16 90 36 54 10 25 5b 00 32 04 09 0c 14 40 38 00 
00 b8 af 85 09 79 02 01 11 04 15 06 20 24 4b 50 
55 90 c0 00 02 23 53 09 25 0b 60 91 20 c0 01 00 

Tue Dec  9 06:21:08 PST 1997
60 91 20 c0 01 00 fc bf 00 00 05 00 44 01 00 00 
01 31 08 10 53 cf 00 80 13 00 60 13 62 70 05 23 
11 06 5c 12 00 02 01 01 03 08 1c 21 19 10 00 c9 
cf 00 80 13 00 60 13 62 70 05 23 11 06 5c 12 00 
02 01 01 03 08 1c 21 19 10 00 c9 8f 00 16 06 09 
2c 00 00 44 61 01 00 01 41 64 61 90 c0 97 10 97 
97 16 06 09 9c 41 04 11 c0 97 10 18 00 48 9f 61 
81 23 02 20 24 9b 12 58 22 30 2b 12 32 70 16 90 
36 54 10 25 5b 00 32 04 09 0c 14 40 38 00 00 b7 
af 85 09 79 02 01 11 04 15 06 20 24 4b 60 61 90 
c0 00 02 23 53 09 25 0b 60 91 20 c0 01 00 0c bf 
00 00 05 00 44 01 00 00 01 31 08 10 53 cf 00 80 
13 00 60 13 62 70 05 23 11 06 5c 12 00 02 01 01 
03 08 1c 21 19 10 00 c9 cf 00 80 13 00 60 13 62 
70 05 23 11 06 5c 12 00 02 01 01 03 08 1c 21 19 
10 00 c9 8f 10 16 06 09 2c 00 00 44 61 01 00 01 
41 64 61 90 c0 97 10 97 97 16 06 09 9c 41 04 11 
c0 97 10 18 00 58 9f 61 81 23 02 20 24 9b 12 58 
22 30 2b 12 32 70 17 90 36 54 10 25 5b 00 32 04 
09 0c 14 40 38 00 00 b8 af 85 09 79 02 01 11 04 
15 06 20 24 4b 60 61 90 c0 00 02 23 53 09 25 0b 
60 91 20 c0 01 00 0c bf 00 00 05 00 44 01 00 00 
01 31 08 10 53 cf 00 80 13 00 80 13 62 70 05 23 
11 06 5c 12 00 02 01 01 03 08 1c 21 19 10 00 e9 
cf 00 80 13 00 80 13 62 70 05 23 11 06 5c 12 00 

Tue Dec  9 06:41:32 PST 1997
cf 00 40 13 00 40 13 62 70 05 23 11 06 5c 12 00 
02 01 23 06 09 1c 21 19 10 00 8f 8f 20 36 06 09 
2c 00 00 44 61 01 00 01 41 64 63 90 c0 97 10 97 
97 36 06 09 9c 41 04 11 c0 97 10 18 00 aa 9f 59 
81 23 02 20 24 9b 12 58 22 30 2b 12 32 70 21 90 
36 54 10 25 5b 00 32 04 09 0c 14 40 38 00 00 ba 
af 85 09 79 02 01 11 04 15 06 20 24 4b 60 63 90 
c0 00 02 23 53 09 25 0b 60 91 20 c0 01 00 0e bf 
00 00 05 00 44 01 00 00 01 31 08 10 53 cf 00 50 
13 00 40 13 62 70 05 23 11 06 5c 12 00 02 01 23 
06 09 1c 21 19 10 00 9f cf 00 50 13 00 40 13 62 
70 05 23 11 06 5c 12 00 02 01 23 06 09 1c 21 19 
10 00 9f 8f 30 36 06 09 2c 00 00 44 61 01 00 01 
41 64 63 90 c0 97 10 97 97 36 06 09 9c 41 04 11 
c0 97 10 18 00 ba 9f 59 81 23 02 20 24 9b 12 58 
22 30 2b 12 32 70 21 90 36 54 10 25 5b 00 32 04 
09 0c 14 40 38 00 00 ba af 85 09 79 02 01 11 04 
15 06 20 24 4b 60 63 90 c0 00 02 23 53 09 25 0b 
60 91 20 c0 01 00 0e bf 00 00 05 00 44 01 00 00 
01 31 08 10 53 cf 00 90 13 00 40 13 62 70 05 23 
11 06 5c 12 00 02 01 23 06 09 1c 21 19 10 00 df 
cf 00 20 14 00 40 13 62 70 05 23 11 06 5c 12 00 
02 01 23 06 09 1c 21 19 10 00 70 8f 40 36 06 09 
2c 00 00 44 61 01 00 01 41 64 63 90 c0 97 10 97 
97 36 06 09 9c 41 04 11 c0 97 10 18 00 ca 9f 59 

Tue Dec  9 07:01:58 PST 1997
8f 40 56 06 09 2c 00 00 44 61 01 00 01 41 64 65 
90 c0 97 10 97 97 56 06 09 9c 41 04 11 c0 97 10 
18 00 0c 9f 59 81 23 02 20 24 9b 12 58 22 30 2b 
12 32 70 21 90 36 54 10 25 5b 00 32 04 09 0c 14 
40 38 00 00 ba af 86 09 89 02 01 11 04 15 06 20 
24 4b 60 65 90 c0 00 02 23 53 09 25 0b 60 91 20 
c0 01 00 21 bf 00 00 05 00 44 01 00 00 01 31 08 
10 53 cf 00 70 11 00 00 16 62 70 05 23 11 06 5c 
12 00 02 02 41 06 09 1c 21 19 10 00 9f cf 00 50 
11 00 00 16 62 70 05 23 11 06 5c 12 00 02 02 41 
06 09 1c 21 19 10 00 7f 8f 50 56 06 09 2c 00 00 
44 61 01 00 01 41 64 65 90 c0 97 10 97 97 56 06 
09 9c 41 04 11 c0 97 10 18 00 1c 9f 59 81 23 02 
20 24 9b 12 58 22 30 2b 12 32 70 21 90 36 54 10 
25 5b 00 32 04 09 0c 14 40 38 00 00 ba af 86 09 
89 02 01 11 04 15 06 20 24 4b 60 65 90 c0 00 02 
23 53 09 25 0b 60 91 20 c0 01 00 21 bf 00 00 05 
00 44 01 00 00 01 31 08 10 53 cf 00 00 11 00 00 
16 62 70 05 23 11 06 5c 12 00 02 02 41 06 09 1c 
21 19 10 00 2f cf 00 10 11 00 00 16 62 70 05 23 
11 06 5c 12 00 02 02 41 06 09 1c 21 19 10 00 3f 
8f 00 57 06 09 2c 00 00 44 61 01 00 01 41 74 65 
90 c0 97 10 97 97 57 06 09 9c 41 04 11 c0 97 10 
18 00 de 9f 59 81 23 02 20 24 9b 12 58 22 30 2b 
12 32 70 21 90 36 54 10 25 5b 00 32 04 09 0c 14 

Tue Dec  9 07:22:18 PST 1997
8f 00 17 07 09 2c 00 00 45 61 01 00 01 41 84 65 
90 c0 97 10 97 97 17 07 09 9c 41 04 11 c0 97 10 
18 00 71 9f 59 81 23 02 20 24 9b 12 58 22 30 2b 
12 32 70 08 90 36 54 10 25 5b 00 32 04 09 0c 14 
40 38 00 00 a1 af 86 09 89 02 01 11 04 15 06 20 
24 4b 70 71 90 c0 00 01 23 53 09 25 0b 60 91 20 
c0 01 00 3c bf 00 00 05 00 44 01 00 00 01 31 08 
10 53 cf 00 30 18 00 00 33 62 70 05 23 11 06 5c 
12 00 01 02 41 06 09 1c 21 19 10 00 82 cf 00 30 
18 00 00 33 62 70 05 23 11 06 5c 12 00 01 02 41 
06 09 1c 21 19 10 00 82 8f 10 17 07 09 2c 00 00 
45 61 01 00 01 41 84 65 90 c0 97 10 97 97 17 07 
09 9c 41 04 11 c0 97 10 18 00 81 9f 59 81 23 02 
20 24 9b 12 58 22 30 2b 12 32 70 08 90 36 54 10 
25 5b 00 32 04 09 0c 14 40 38 00 00 a1 af 86 09 
89 02 01 11 04 15 06 20 24 4b 70 71 90 c0 00 01 
23 53 09 25 0b 60 91 20 c0 01 00 3c bf 00 00 05 
00 44 01 00 00 01 31 08 10 53 cf 00 30 18 00 30 
18 62 70 05 23 11 06 5c 12 00 01 02 41 06 09 1c 
21 19 10 00 97 cf 00 30 18 00 30 18 62 70 05 23 
11 06 5c 12 00 01 02 41 06 09 1c 21 19 10 00 97 
8f 20 17 07 09 2c 00 00 45 61 01 00 01 41 84 65 
90 c0 97 10 97 97 17 07 09 9c 41 04 11 c0 97 10 
18 00 91 9f 59 81 23 02 20 24 9b 12 58 22 30 2b 
12 32 70 08 90 36 54 10 25 5b 00 32 04 09 0c 14 

Tue Dec  9 07:42:38 PST 1997
8f 20 37 07 09 2c 00 00 45 61 01 00 01 41 84 65 
90 c0 97 10 97 97 37 07 09 9c 41 04 11 c0 97 10 
18 00 d1 9f 57 81 23 02 20 24 9b 12 58 22 30 2b 
12 32 70 07 90 36 54 10 25 5b 00 32 04 09 0c 14 
40 38 00 00 9e af 87 09 99 02 01 11 04 15 06 20 
24 4b 70 73 90 c0 00 01 23 53 09 25 0b 60 91 20 
c0 01 00 4f bf 00 00 05 00 44 01 00 00 01 31 08 
10 53 cf 00 70 19 00 70 19 62 70 05 23 11 06 5c 
12 00 01 02 41 06 09 1c 21 19 10 00 19 cf 00 70 
19 00 70 19 62 70 05 23 11 06 5c 12 00 01 02 41 
06 09 1c 21 19 10 00 19 8f 30 37 07 09 2c 00 00 
45 61 01 00 01 41 84 65 90 c0 97 10 97 97 37 07 
09 9c 41 04 11 c0 97 10 18 00 e1 9f 57 81 23 02 
20 24 9b 12 58 22 30 2b 12 32 70 07 90 36 54 10 
25 5b 00 32 04 09 0c 14 40 38 00 00 9e af 87 09 
99 02 01 11 04 15 06 20 24 4b 70 73 90 c0 00 01 
23 53 09 25 0b 60 91 20 c0 01 00 4f bf 00 00 05 
00 44 01 00 00 01 31 08 10 53 cf 00 70 19 00 70 
19 62 70 05 23 11 06 5c 12 00 01 02 41 06 09 1c 
21 19 10 00 19 cf 00 70 19 00 70 19 62 70 05 23 
11 06 5c 12 00 01 02 41 06 09 1c 21 19 10 00 19 
8f 40 37 07 09 2c 00 00 45 61 01 00 01 41 84 65 
90 c0 97 10 97 97 37 07 09 9c 41 04 11 c0 97 10 
18 00 f1 9f 57 81 23 02 20 24 9b 12 58 22 30 2b 
12 32 70 07 90 36 54 10 25 5b 00 32 04 09 0c 14 

Tue Dec  9 08:02:59 PST 1997
8f 40 57 07 09 2c 00 00 45 61 01 00 01 41 84 65 
90 c0 97 10 97 97 57 07 09 9c 41 04 11 c0 97 10 
18 00 31 9f 56 81 23 02 20 24 9b 12 58 22 30 2b 
12 32 70 06 90 36 54 10 25 5b 00 32 04 09 0c 14 
40 38 00 00 9c af 87 09 99 02 01 11 04 15 06 20 
24 4b 70 75 90 c0 00 01 23 53 09 25 0b 60 91 20 
c0 01 00 51 bf 00 00 05 00 44 01 00 00 01 31 08 
10 53 cf 00 90 12 00 90 12 62 70 05 23 11 06 5c 
12 00 01 02 41 06 09 1c 21 19 10 00 4b cf 00 90 
12 00 90 12 62 70 05 23 11 06 5c 12 00 01 02 41 
06 09 1c 21 19 10 00 4b 8f 50 57 07 09 2c 00 00 
45 61 01 00 01 41 84 65 90 c0 97 10 97 97 57 07 
09 9c 41 04 11 c0 97 10 18 00 41 9f 56 81 23 02 
20 24 9b 12 58 22 30 2b 12 32 70 06 90 36 54 10 
25 5b 00 32 04 09 0c 14 40 38 00 00 9c af 87 09 
99 02 01 11 04 15 06 20 24 4b 70 75 90 c0 00 01 
23 53 09 25 0b 60 91 20 c0 01 00 51 bf 00 00 05 
00 44 01 00 00 01 31 08 10 53 cf 00 90 12 00 90 
12 62 70 05 23 11 06 5c 12 00 01 02 41 06 09 1c 
21 19 10 00 4b cf 00 90 12 00 90 12 62 70 05 23 
11 06 5c 12 00 01 02 41 06 09 1c 21 19 10 00 4b 
8f 00 58 07 09 2c 00 00 45 61 01 00 01 41 84 65 
90 c0 97 10 97 97 58 07 09 9c 41 04 11 c0 97 10 
18 00 f3 9f 56 81 23 02 20 24 9b 12 58 22 30 2b 
12 32 70 06 90 36 54 10 25 5b 00 32 04 09 0c 14 

Tue Dec  9 08:23:19 PST 1997
8f 00 18 08 09 2c 00 00 45 61 01 00 01 41 84 65 
90 c0 97 10 97 97 18 08 09 9c 41 04 11 c0 97 10 
18 00 75 9f 55 81 23 02 20 24 9b 12 58 22 30 2b 
12 32 70 08 90 36 54 10 25 5b 00 32 04 09 0c 14 
40 38 00 00 9d af 87 09 99 02 01 11 04 15 06 20 
24 4b 80 81 90 c0 00 01 23 53 09 25 0b 60 91 20 
c0 01 00 6d bf 00 00 05 00 44 01 00 00 01 31 08 
10 53 cf 00 40 14 00 40 14 62 70 05 23 11 06 5c 
12 00 01 02 41 06 09 1c 21 19 10 00 af cf 00 40 
14 00 40 14 62 70 05 23 11 06 5c 12 00 01 02 41 
06 09 1c 21 19 10 00 af 8f 10 18 08 09 2c 00 00 
45 61 01 00 01 41 84 65 90 c0 97 10 97 97 18 08 
09 9c 41 04 11 c0 97 10 18 00 85 9f 55 81 23 02 
20 24 9b 12 58 22 30 2b 12 32 70 08 90 36 54 10 
25 5b 00 32 04 09 0c 14 40 38 00 00 9d af 87 09 
99 02 01 11 04 15 06 20 24 4b 80 81 90 c0 00 01 
23 53 09 25 0b 60 91 20 c0 01 00 6d bf 00 00 05 
00 44 01 00 00 01 31 08 10 53 cf 00 40 14 00 40 
14 62 70 05 23 11 06 5c 12 00 01 02 41 06 09 1c 
21 19 10 00 af cf 00 40 14 00 40 14 62 70 05 23 
11 06 5c 12 00 01 02 41 06 09 1c 21 19 10 00 af 
8f 20 18 08 09 2c 00 00 45 61 01 00 01 41 84 65 
90 c0 97 10 97 97 18 08 09 9c 41 04 11 c0 97 10 
18 00 95 9f 55 81 23 02 20 24 9b 12 58 22 30 2b 
12 32 70 08 90 36 54 10 25 5b 00 32 04 09 0c 14 

Tue Dec  9 08:43:39 PST 1997
8f 20 38 08 09 2c 00 00 45 61 01 00 01 41 84 65 
90 c0 97 10 97 97 38 08 09 9c 41 04 11 c0 97 10 
18 00 d5 9f 54 81 23 02 20 24 9b 12 58 22 30 2b 
12 32 70 10 90 36 54 10 25 5b 00 32 04 09 0c 14 
40 38 00 00 a4 af 87 09 99 02 01 11 03 15 06 20 
24 3b 80 83 90 c0 00 01 23 53 09 25 0b 60 91 20 
c0 01 00 5e bf 00 00 05 00 44 01 00 00 01 31 08 
10 53 cf 00 50 10 00 50 10 62 70 05 23 11 06 5c 
12 00 01 02 41 06 09 1c 21 19 10 00 c7 cf 00 50 
10 00 50 10 62 70 05 23 11 06 5c 12 00 01 02 41 
06 09 1c 21 19 10 00 c7 8f 30 38 08 09 2c 00 00 
45 61 01 00 01 41 84 65 90 c0 97 10 97 97 38 08 
09 9c 41 04 11 c0 97 10 18 00 e5 9f 54 81 23 02 
20 24 9b 12 58 22 30 2b 12 32 70 10 90 36 54 10 
25 5b 00 32 04 09 0c 14 40 38 00 00 a4 af 87 09 
99 02 01 11 03 15 06 20 24 3b 80 83 90 c0 00 01 
23 53 09 25 0b 60 91 20 c0 01 00 5e bf 00 00 05 
00 44 01 00 00 01 31 08 10 53 cf 00 50 10 00 50 
10 62 70 05 23 11 06 5c 12 00 01 02 41 06 09 1c 
21 19 10 00 c7 cf 00 50 10 00 50 10 62 70 05 23 
11 06 5c 12 00 01 02 41 06 09 1c 21 19 10 00 c7 
8f 40 38 08 09 2c 00 00 45 61 01 00 01 41 84 65 
90 c0 97 10 97 97 38 08 09 9c 41 04 11 c0 97 10 
18 00 f5 9f 54 81 23 02 20 24 9b 12 58 22 30 2b 
12 32 70 10 90 36 54 10 25 5b 00 32 04 09 0c 14 
