
Sun Dec 21 10:48:22 PST 1997
cf 00 30 18 00 20 18 06 11 13 45 15 20 5c 12 00 
18 02 03 09 09 1c 21 19 10 00 f6 8f 30 38 10 21 
2c 00 00 39 61 01 00 01 61 23 14 00 c2 97 10 45 
97 17 03 18 0c 51 05 91 c1 97 10 0c 00 66 9f 86 
81 23 02 20 24 9b 12 58 22 30 2b 12 32 70 80 01 
60 07 15 20 1c 03 51 06 20 0c 14 40 38 08 00 98 
af 74 09 69 01 01 24 05 15 06 20 24 2b 70 75 10 
c2 00 06 23 53 09 25 0b 50 73 00 c2 01 00 3c bf 
00 00 00 00 87 01 00 00 01 31 08 10 91 cf 00 40 
18 00 20 18 06 11 13 45 15 20 5c 12 00 18 02 03 
09 09 1c 21 19 10 00 06 cf 00 40 18 00 20 18 06 
11 13 45 15 20 5c 12 00 18 02 03 09 09 1c 21 19 
10 00 06 8f 40 38 10 21 2c 00 00 39 61 01 00 01 
61 23 14 00 c2 97 10 45 97 17 03 18 0c 51 05 91 
c1 97 10 0c 00 76 9f 87 81 23 02 20 24 9b 12 58 
22 30 2b 12 32 70 80 01 60 07 15 20 1c 03 51 06 
20 0c 14 40 38 08 00 99 af 74 09 69 01 01 24 05 
15 06 20 24 2b 70 75 10 c2 00 06 23 53 09 25 0b 
50 73 00 c2 01 00 3c bf 00 00 00 00 87 01 00 00 
01 31 08 10 91 cf 00 60 18 00 20 18 06 11 13 45 
15 20 5c 12 00 18 02 03 09 09 1c 21 19 10 00 26 
cf 00 90 18 00 20 18 06 11 13 45 15 20 5c 12 00 
18 02 03 09 09 1c 21 19 10 00 56 8f 50 38 10 21 
2c 00 00 39 61 01 00 01 61 23 14 00 c2 97 10 45 
97 17 03 18 0c 51 05 91 c1 97 10 0c 00 86 9f 87 

Sun Dec 21 10:49:04 PST 1997
8f 10 39 10 21 2c 00 00 39 61 01 00 01 61 23 14 
00 c2 97 10 45 97 17 03 18 0c 51 05 91 c1 97 10 
0c 00 47 9f 87 81 23 02 20 24 9b 12 58 22 30 2b 
12 32 70 80 01 60 07 15 20 1c 03 51 06 20 0c 14 
40 38 08 00 99 af 74 09 69 01 01 24 05 15 06 20 
24 2b 70 75 10 c2 00 06 23 53 09 25 0b 50 73 00 
c2 01 00 3c bf 00 00 00 00 87 01 00 00 01 31 08 
10 91 cf 00 10 19 00 10 19 06 11 13 45 15 20 5c 
12 00 18 02 03 09 09 1c 21 19 10 00 c8 cf 00 20 
19 00 10 19 06 11 13 45 15 20 5c 12 00 18 02 03 
09 09 1c 21 19 10 00 d8 8f 20 39 10 21 2c 00 00 
39 61 01 00 01 61 23 14 00 c2 97 10 45 97 17 03 
18 0c 51 05 91 c1 97 10 0c 00 57 9f 87 81 23 02 
20 24 9b 12 58 22 30 2b 12 32 70 80 01 60 07 15 
20 1c 03 51 06 20 0c 14 40 38 08 00 99 af 74 09 
69 01 01 24 05 15 06 20 24 2b 70 75 10 c2 00 06 
23 53 09 25 0b 50 73 00 c2 01 00 3c bf 00 00 00 
00 87 01 00 00 01 31 08 10 91 cf 00 30 19 00 10 
19 06 11 13 45 15 20 5c 12 00 18 02 03 09 09 1c 
21 19 10 00 e8 cf 00 10 19 00 10 19 06 11 13 45 
15 20 5c 12 00 18 02 03 09 09 1c 21 19 10 00 c8 
8f 30 39 10 21 2c 00 00 39 61 01 00 01 61 23 14 
00 c2 97 10 45 97 17 03 18 0c 51 05 91 c1 97 10 
0c 00 67 9f 87 81 23 02 20 24 9b 12 58 22 30 2b 
12 32 70 79 01 60 07 15 20 1c 03 51 06 20 0c 14 

Sun Dec 21 10:49:44 PST 1997
8f 50 39 10 21 2c 00 00 39 61 01 00 01 61 23 14 
00 c2 97 10 43 97 17 03 18 0c 51 05 91 c1 97 10 
0c 00 85 9f 87 81 23 02 20 24 9b 12 58 22 30 2b 
12 32 70 78 01 60 07 15 20 1c 03 51 06 20 0c 14 
40 38 08 00 91 af 74 09 69 01 01 24 05 15 06 20 
24 2b 70 75 10 c2 00 05 23 53 09 25 0b 50 73 00 
c2 01 00 3b bf 00 00 00 00 87 01 00 00 01 31 08 
10 91 cf 00 00 19 00 10 19 06 11 13 45 15 20 5c 
12 00 18 02 03 09 09 1c 21 19 10 00 b8 cf 00 10 
19 00 10 19 06 11 13 45 15 20 5c 12 00 18 02 03 
09 09 1c 21 19 10 00 c8 8f 00 40 10 21 2c 00 00 
39 61 01 00 01 61 23 14 00 c2 97 10 41 97 17 03 
18 0c 51 05 91 c1 97 10 0c 00 3a 9f 87 81 23 02 
20 24 9b 12 58 22 30 2b 12 32 70 77 01 60 07 15 
20 1c 03 51 06 20 0c 14 40 38 08 00 90 af 74 09 
69 01 01 24 05 15 06 20 24 2b 70 75 10 c2 00 05 
23 53 09 25 0b 50 73 00 c2 01 00 3b bf 00 00 00 
00 87 01 00 00 01 31 08 10 91 cf 00 00 19 00 10 
19 06 11 13 45 15 20 5c 12 00 18 02 03 09 09 1c 
21 19 10 00 b8 cf 00 80 18 00 10 19 06 11 13 45 
15 20 5c 12 00 18 02 03 09 09 1c 21 19 10 00 37 
8f 10 40 10 21 2c 00 00 39 61 01 00 01 61 23 14 
00 c2 97 10 39 97 17 03 18 0c 51 05 91 c1 97 10 
0c 00 42 9f 87 81 23 02 20 24 9b 12 58 22 30 2b 
12 32 70 75 01 60 07 15 20 1c 03 51 06 20 0c 14 

Sun Dec 21 10:50:24 PST 1997
8f 30 40 10 21 2c 00 00 39 61 01 00 01 61 23 14 
00 c2 97 10 36 97 17 03 18 0c 51 05 91 c1 97 10 
0c 00 5f 9f 87 81 23 02 20 24 9b 12 58 22 30 2b 
12 32 70 72 01 60 07 15 20 1c 03 51 06 20 0c 14 
40 38 08 00 8b af 74 09 69 01 01 24 05 15 06 20 
24 2b 70 75 10 c2 00 02 23 53 09 25 0b 50 73 00 
c2 01 00 38 bf 00 00 00 00 87 01 00 00 01 31 08 
10 91 cf 00 40 18 00 60 18 06 11 13 45 15 20 5c 
12 00 17 02 03 09 09 1c 21 19 10 00 45 cf 00 40 
18 00 60 18 06 11 13 45 15 20 5c 12 00 17 02 03 
09 09 1c 21 19 10 00 45 8f 40 40 10 21 2c 00 00 
39 61 01 00 01 61 23 14 00 c2 97 10 35 97 17 03 
18 0c 51 05 91 c1 97 10 0c 00 6e 9f 87 81 23 02 
20 24 9b 12 58 22 30 2b 12 32 70 71 01 60 07 15 
20 1c 03 51 06 20 0c 14 40 38 08 00 8a af 74 09 
69 01 01 24 05 15 06 20 24 2b 70 75 10 c2 00 01 
23 53 09 25 0b 50 73 00 c2 01 00 37 bf 00 00 00 
00 87 01 00 00 01 31 08 10 91 cf 00 40 18 00 60 
18 06 11 13 45 15 20 5c 12 00 17 02 03 09 09 1c 
21 19 10 00 45 cf 00 30 18 00 60 18 06 11 13 45 
15 20 5c 12 00 17 02 03 09 09 1c 21 19 10 00 35 
8f 50 40 10 21 2c 00 00 39 61 01 00 01 61 23 14 
00 c2 97 10 35 97 17 03 18 0c 51 05 91 c1 97 10 
0c 00 7e 9f 87 81 23 02 20 24 9b 12 58 22 30 2b 
12 32 70 69 01 60 07 15 20 1c 03 51 06 20 0c 14 

Sun Dec 21 10:51:04 PST 1997
8f 10 41 10 21 2c 00 00 39 61 01 00 01 61 23 14 
00 c2 97 10 34 97 17 03 18 0c 51 05 91 c1 97 10 
0c 00 3e 9f 87 81 23 02 20 24 9b 12 58 22 30 2b 
12 32 70 65 01 60 07 15 20 1c 03 51 06 20 0c 14 
40 38 08 00 7e af 74 09 69 01 01 24 05 15 06 20 
24 2b 70 75 10 c2 00 01 23 53 09 25 0b 50 73 00 
c2 01 00 37 bf 00 00 00 00 87 01 00 00 01 31 08 
10 91 cf 00 50 18 00 50 18 06 11 13 45 15 20 5c 
12 00 17 02 03 09 09 1c 21 19 10 00 45 cf 00 50 
18 00 50 18 06 11 13 45 15 20 5c 12 00 17 02 03 
09 09 1c 21 19 10 00 45 8f 20 41 10 21 2c 00 00 
39 61 01 00 01 61 23 14 00 c2 97 10 33 97 17 03 
18 0c 51 05 91 c1 97 10 0c 00 4d 9f 87 81 23 02 
20 24 9b 12 58 22 30 2b 12 32 70 63 01 60 07 15 
20 1c 03 51 06 20 0c 14 40 38 08 00 7c af 74 09 
69 01 01 24 05 15 06 20 24 2b 70 75 10 c2 00 00 
23 53 09 25 0b 50 73 00 c2 01 00 36 bf 00 00 00 
00 87 01 00 00 01 31 08 10 91 cf 00 50 18 00 50 
18 06 11 13 45 15 20 5c 12 00 16 02 03 09 09 1c 
21 19 10 00 44 cf 00 50 18 00 50 18 06 11 13 45 
15 20 5c 12 00 16 02 03 09 09 1c 21 19 10 00 44 
8f 30 41 10 21 2c 00 00 39 61 01 00 01 61 23 14 
00 c2 97 10 31 97 17 03 18 0c 51 05 91 c1 97 10 
0c 00 5b 9f 87 81 23 02 20 24 9b 12 58 22 30 2b 
12 32 70 60 01 60 07 15 20 1c 03 51 06 20 0c 14 

Sun Dec 21 10:51:44 PST 1997
8f 50 41 10 21 2c 00 00 39 61 01 00 01 61 23 14 
00 c2 97 10 29 97 17 03 18 0c 51 05 91 c1 97 10 
0c 00 73 9f 87 81 23 02 20 24 9b 12 58 22 30 2b 
12 32 70 53 01 60 07 15 20 1c 03 51 06 20 0c 14 
40 38 08 00 6c af 74 09 69 01 01 24 05 15 06 20 
24 2b 70 75 10 c2 00 00 23 53 09 25 0b 10 04 11 
c2 05 00 9c bf 00 00 00 00 87 01 00 00 01 31 08 
10 91 cf 00 80 18 00 50 18 06 11 13 45 15 20 5c 
12 00 15 02 03 09 09 1c 21 19 10 00 73 cf 00 70 
18 00 50 18 06 11 13 45 15 20 5c 12 00 15 02 03 
09 09 1c 21 19 10 00 63 8f 00 42 10 21 2c 00 00 
39 61 01 00 01 61 23 14 00 c2 97 10 28 97 17 03 
18 0c 51 05 91 c1 97 10 0c 00 23 9f 87 81 23 02 
20 24 9b 12 58 22 30 2b 12 32 70 49 01 60 07 15 
20 1c 03 51 06 20 0c 14 40 38 08 00 62 af 74 09 
69 01 01 24 05 15 06 20 24 2b 70 75 10 c2 00 00 
23 53 09 25 0b 20 04 11 c2 05 00 ac bf 00 00 00 
00 87 01 00 00 01 31 08 10 91 cf 00 70 18 00 50 
18 06 11 13 45 15 20 5c 12 00 15 02 03 09 09 1c 
21 19 10 00 63 cf 00 80 18 00 50 18 06 11 13 45 
15 20 5c 12 00 15 02 03 09 09 1c 21 19 10 00 73 
8f 10 42 10 21 2c 00 00 39 61 01 00 01 61 23 14 
00 c2 97 10 27 97 17 03 18 0c 51 05 91 c1 97 10 
0c 00 32 9f 87 81 23 02 20 24 9b 12 58 22 30 2b 
12 32 70 45 01 60 07 15 20 1c 03 51 06 20 0c 14 

Sun Dec 21 10:52:24 PST 1997
8f 30 42 10 21 2c 00 00 39 61 01 00 01 61 23 14 
00 c2 97 10 26 97 17 03 18 0c 51 05 91 c1 97 10 
0c 00 51 9f 87 81 23 02 20 24 9b 12 58 22 30 2b 
12 32 70 36 01 60 07 15 20 1c 03 51 06 20 0c 14 
40 38 08 00 4f af 74 09 69 01 01 24 05 15 06 20 
24 2b 70 75 10 c2 00 00 23 53 09 25 0b 20 04 11 
c2 05 00 ac bf 00 00 00 00 87 01 00 00 01 31 08 
10 91 cf 00 00 20 00 90 18 06 11 13 45 15 20 5c 
12 00 14 02 03 09 09 1c 21 19 10 00 3a cf 00 00 
20 00 90 18 06 11 13 45 15 20 5c 12 00 14 02 03 
09 09 1c 21 19 10 00 3a 8f 40 42 10 21 2c 00 00 
39 61 01 00 01 61 23 14 00 c2 97 10 26 97 17 03 
18 0c 51 05 91 c1 97 10 0c 00 61 9f 87 81 23 02 
20 24 9b 12 58 22 30 2b 12 32 70 32 01 60 07 15 
20 1c 03 51 06 20 0c 14 40 38 08 00 4b af 74 09 
69 01 01 24 05 15 06 20 24 2b 70 75 10 c2 00 00 
23 53 09 25 0b 20 04 11 c2 05 00 ac bf 00 00 00 
00 87 01 00 00 01 31 08 10 91 cf 00 00 20 00 90 
18 06 11 13 45 15 20 5c 12 00 13 02 03 09 09 1c 
21 19 10 00 39 cf 00 00 20 00 90 18 06 11 13 45 
15 20 5c 12 00 13 02 03 09 09 1c 21 19 10 00 39 
8f 50 42 10 21 2c 00 00 39 61 01 00 01 61 23 14 
00 c2 97 10 26 97 17 03 18 0c 51 05 91 c1 97 10 
0c 00 71 9f 87 81 23 02 20 24 9b 12 58 22 30 2b 
12 32 70 26 01 60 07 15 20 1c 03 51 06 20 0c 14 

Sun Dec 21 10:53:04 PST 1997
8f 10 43 10 21 2c 00 00 39 61 01 00 01 61 23 14 
00 c2 97 10 26 97 17 03 18 0c 51 05 91 c1 97 10 
0c 00 32 9f 87 81 23 02 20 24 9b 12 58 22 30 2b 
12 32 70 16 01 60 07 15 20 1c 03 51 06 20 0c 14 
40 38 08 00 2f af 74 09 69 01 01 24 05 15 06 20 
24 2b 70 75 10 c2 00 00 23 53 09 25 0b 30 04 11 
c2 05 00 bc bf 00 00 00 00 87 01 00 00 01 31 08 
10 91 cf 00 10 20 00 10 20 06 11 13 45 15 20 5c 
12 00 12 02 03 09 09 1c 21 19 10 00 d0 cf 00 10 
20 00 10 20 06 11 13 45 15 20 5c 12 00 12 02 03 
09 09 1c 21 19 10 00 d0 8f 20 43 10 21 2c 00 00 
39 61 01 00 01 61 23 14 00 c2 97 10 26 97 17 03 
18 0c 51 05 91 c1 97 10 0c 00 42 9f 87 81 23 02 
20 24 9b 12 58 22 30 2b 12 32 70 10 01 60 07 15 
20 1c 03 51 06 20 0c 14 40 38 08 00 29 af 74 09 
69 01 01 24 05 15 06 20 24 2b 70 75 10 c2 00 00 
23 53 09 25 0b 30 04 11 c2 05 00 bc bf 00 00 00 
00 87 01 00 00 01 31 08 10 91 cf 00 00 20 00 10 
20 06 11 13 45 15 20 5c 12 00 11 02 03 09 09 1c 
21 19 10 00 bf cf 00 10 20 00 10 20 06 11 13 45 
15 20 5c 12 00 11 02 03 09 09 1c 21 19 10 00 cf 
8f 30 43 10 21 2c 00 00 39 61 01 00 01 61 23 14 
00 c2 97 10 26 97 17 03 18 0c 51 05 91 c1 97 10 
0c 00 52 9f 87 81 23 02 20 24 9b 12 58 22 30 2b 
12 32 70 05 01 60 07 15 20 1c 03 51 06 20 0c 14 

Sun Dec 21 10:53:44 PST 1997
8f 50 43 10 21 2c 00 00 39 61 01 00 01 61 23 14 
00 c2 97 10 24 97 17 03 18 0c 51 05 91 c1 97 10 
0c 00 70 9f 88 81 23 02 20 24 9b 12 58 22 30 2b 
12 32 70 95 00 60 07 15 20 1c 03 51 06 20 0c 14 
40 38 08 00 ae af 74 09 69 01 01 24 05 15 06 20 
24 2b 70 75 10 c2 00 00 23 53 09 25 0b 30 04 11 
c2 05 00 bc bf 00 00 00 00 87 01 00 00 01 31 08 
10 91 cf 00 20 20 00 10 20 06 11 13 45 15 20 5c 
12 00 10 02 03 09 09 1c 21 19 10 00 de cf 00 30 
20 00 10 20 06 11 13 45 15 20 5c 12 00 10 02 03 
09 09 1c 21 19 10 00 ee 8f 00 44 10 21 2c 00 00 
39 61 01 00 01 61 23 14 00 c2 97 10 21 97 17 03 
18 0c 51 05 91 c1 97 10 0c 00 1e 9f 88 81 23 02 
20 24 9b 12 58 22 30 2b 12 32 70 90 00 60 07 15 
20 1c 03 51 06 20 0c 14 40 38 08 00 a9 af 74 09 
69 01 01 24 05 15 06 20 24 2b 70 75 10 c2 00 00 
23 53 09 25 0b 40 04 11 c2 05 00 cc bf 00 00 00 
00 87 01 00 00 01 31 08 10 91 cf 00 20 20 00 10 
20 06 11 13 45 15 20 5c 12 00 09 02 03 09 09 1c 
21 19 10 00 d7 cf 00 20 20 00 10 20 06 11 13 45 
15 20 5c 12 00 09 02 03 09 09 1c 21 19 10 00 d7 
8f 10 44 10 21 2c 00 00 39 61 01 00 01 61 23 14 
00 c2 97 10 21 97 17 03 18 0c 51 05 91 c1 97 10 
0c 00 2e 9f 88 81 23 02 20 24 9b 12 58 22 30 2b 
12 32 70 85 00 60 07 15 20 1c 03 51 06 20 0c 14 

Sun Dec 21 10:54:24 PST 1997
8f 30 44 10 21 2c 00 00 39 61 01 00 01 61 23 14 
00 c2 97 10 19 97 17 03 18 0c 51 05 91 c1 97 10 
0c 00 46 9f 88 81 23 02 20 24 9b 12 58 22 30 2b 
12 32 70 75 00 60 07 15 20 1c 03 51 06 20 0c 14 
40 38 08 00 8e af 74 09 69 01 01 24 05 15 06 20 
24 2b 70 75 10 c2 00 00 23 53 09 25 0b 40 04 11 
c2 05 00 cc bf 00 00 00 00 87 01 00 00 01 31 08 
10 91 cf 00 00 20 00 30 20 06 11 13 45 15 20 5c 
12 00 08 02 03 09 09 1c 21 19 10 00 d6 cf 00 90 
19 00 30 20 06 11 13 45 15 20 5c 12 00 08 02 03 
09 09 1c 21 19 10 00 5f 8f 40 44 10 21 2c 00 00 
39 61 01 00 01 61 23 14 00 c2 97 10 20 97 17 03 
18 0c 51 05 91 c1 97 10 0c 00 5d 9f 88 81 23 02 
20 24 9b 12 58 22 30 2b 12 32 70 70 00 60 07 15 
20 1c 03 51 06 20 0c 14 40 38 08 00 89 af 74 09 
69 01 01 24 05 15 06 20 24 2b 70 75 10 c2 00 00 
23 53 09 25 0b 40 04 11 c2 05 00 cc bf 00 00 00 
00 87 01 00 00 01 31 08 10 91 cf 00 90 19 00 30 
20 06 11 13 45 15 20 5c 12 00 07 02 03 09 09 1c 
21 19 10 00 5e cf 00 90 19 00 30 20 06 11 13 45 
15 20 5c 12 00 07 02 03 09 09 1c 21 19 10 00 5e 
8f 50 44 10 21 2c 00 00 39 61 01 00 01 61 23 14 
00 c2 97 10 20 97 17 03 18 0c 51 05 91 c1 97 10 
0c 00 6d 9f 88 81 23 02 20 24 9b 12 58 22 30 2b 
12 32 70 65 00 60 07 15 20 1c 03 51 06 20 0c 14 

Sun Dec 21 10:55:04 PST 1997
8f 10 45 10 21 2c 00 00 39 61 01 00 01 61 23 14 
00 c2 97 10 21 97 17 03 18 0c 51 05 91 c1 97 10 
0c 00 2f 9f 88 81 23 02 20 24 9b 12 58 22 30 2b 
12 32 70 54 00 60 07 15 20 1c 03 51 06 20 0c 14 
40 38 08 00 6d af 74 09 69 01 01 24 05 15 06 20 
24 2b 70 75 10 c2 00 00 23 53 09 25 0b 50 04 11 
c2 05 00 dc bf 00 00 00 00 87 01 00 00 01 31 08 
10 91 cf 00 10 20 00 10 20 06 11 13 45 15 20 5c 
12 00 05 02 03 09 09 1c 21 19 10 00 c3 cf 00 20 
20 00 10 20 06 11 13 45 15 20 5c 12 00 05 02 03 
09 09 1c 21 19 10 00 d3 8f 20 45 10 21 2c 00 00 
39 61 01 00 01 61 23 14 00 c2 97 10 18 97 17 03 
18 0c 51 05 91 c1 97 10 0c 00 36 9f 88 81 23 02 
20 24 9b 12 58 22 30 2b 12 32 70 49 00 60 07 15 
20 1c 03 51 06 20 0c 14 40 38 08 00 62 af 74 09 
69 01 01 24 05 15 06 20 24 2b 70 75 10 c2 00 00 
23 53 09 25 0b 50 04 11 c2 05 00 dc bf 00 00 00 
00 87 01 00 00 01 31 08 10 91 cf 00 30 20 00 10 
20 06 11 13 45 15 20 5c 12 00 05 02 03 09 09 1c 
21 19 10 00 e3 cf 00 40 20 00 10 20 06 11 13 45 
15 20 5c 12 00 05 02 03 09 09 1c 21 19 10 00 f3 
8f 30 45 10 21 2c 00 00 39 61 01 00 01 61 23 14 
00 c2 97 10 18 97 17 03 18 0c 51 05 91 c1 97 10 
0c 00 46 9f 88 81 23 02 20 24 9b 12 58 22 30 2b 
12 32 70 45 00 60 07 15 20 1c 03 51 06 20 0c 14 

Sun Dec 21 10:55:44 PST 1997
8f 50 45 10 21 2c 00 00 39 61 01 00 01 61 23 14 
00 c2 97 10 18 97 17 03 18 0c 51 05 91 c1 97 10 
0c 00 66 9f 88 81 23 02 20 24 9b 12 58 22 30 2b 
12 32 70 36 00 60 07 15 20 1c 03 51 06 20 0c 14 
40 38 08 00 4f af 74 09 69 01 01 24 05 15 06 20 
24 2b 70 75 10 c2 00 00 23 53 09 25 0b 50 04 11 
c2 05 00 dc bf 00 00 00 00 87 01 00 00 01 31 08 
10 91 cf 00 20 20 00 10 20 06 11 13 45 15 20 5c 
12 00 04 02 03 09 09 1c 21 19 10 00 d2 cf 00 30 
20 00 10 20 06 11 13 45 15 20 5c 12 00 04 02 03 
09 09 1c 21 19 10 00 e2 8f 00 46 10 21 2c 00 00 
39 61 01 00 01 61 23 14 00 c2 97 10 19 97 17 03 
18 0c 51 05 91 c1 97 10 0c 00 18 9f 88 81 23 02 
20 24 9b 12 58 22 30 2b 12 32 70 31 00 60 07 15 
20 1c 03 46 10 21 0c 14 40 38 08 00 4a af 74 09 
69 01 01 24 05 15 06 20 24 2b 70 75 10 c2 00 00 
23 53 09 25 0b 60 04 11 c2 05 00 ec bf 00 00 00 
00 87 01 00 00 01 31 08 10 91 cf 00 30 20 00 10 
20 06 11 13 45 15 20 5c 12 00 03 02 03 09 09 1c 
21 19 10 00 e1 cf 00 30 20 00 10 20 06 11 13 45 
15 20 5c 12 00 03 02 03 09 09 1c 21 19 10 00 e1 
8f 10 46 10 21 2c 00 00 39 61 01 00 01 61 23 14 
00 c2 97 10 19 97 17 03 18 0c 51 05 91 c1 97 10 
0c 00 28 9f 88 81 23 02 20 24 9b 12 58 22 30 2b 
12 32 70 26 00 60 07 15 20 6c 02 46 10 21 0c 14 

Sun Dec 21 10:56:24 PST 1997
8f 30 46 10 21 2c 00 00 39 61 01 00 01 61 23 14 
00 c2 97 10 19 97 17 03 18 0c 51 05 91 c1 97 10 
0c 00 48 9f 88 81 23 02 20 24 9b 12 58 22 30 2b 
12 32 70 17 00 60 07 15 20 7c 01 46 10 21 0c 14 
40 38 08 00 8e af 74 09 69 01 01 24 05 15 06 20 
24 2b 70 75 10 c2 00 00 23 53 09 25 0b 60 04 11 
c2 05 00 ec bf 00 00 00 00 87 01 00 00 01 31 08 
10 91 cf 00 00 20 00 30 20 06 11 13 45 15 20 5c 
12 00 02 02 03 09 09 1c 21 19 10 00 d0 cf 00 90 
19 00 30 20 06 11 13 45 15 20 5c 12 00 02 02 03 
09 09 1c 21 19 10 00 59 8f 40 46 10 21 2c 00 00 
39 61 01 00 01 61 23 14 00 c2 97 10 20 97 17 03 
18 0c 51 05 91 c1 97 10 0c 00 5f 9f 88 81 23 02 
20 24 9b 12 58 22 30 2b 12 32 70 13 00 60 07 15 
20 3c 01 46 10 21 0c 14 40 38 08 00 4a af 74 09 
69 01 01 24 05 15 06 20 24 2b 70 75 10 c2 00 00 
23 53 09 25 0b 60 04 11 c2 05 00 ec bf 00 00 00 
00 87 01 00 00 01 31 08 10 91 cf 00 80 19 00 30 
20 06 11 13 45 15 20 5c 12 00 01 02 03 09 09 1c 
21 19 10 00 48 cf 00 70 19 00 30 20 06 11 13 45 
15 20 5c 12 00 01 02 03 09 09 1c 21 19 10 00 38 
8f 50 46 10 21 2c 00 00 39 61 01 00 01 61 23 14 
00 c2 97 10 20 97 17 03 18 0c 51 05 91 c1 97 10 
0c 00 6f 9f 88 81 23 02 20 24 9b 12 58 22 30 2b 
12 32 70 10 00 60 07 15 20 0c 01 46 10 21 0c 14 

Sun Dec 21 10:57:04 PST 1997
8f 10 47 10 21 2c 00 00 39 61 01 00 01 61 23 14 
00 c2 97 10 18 97 17 03 18 0c 51 05 91 c1 97 10 
0c 00 28 9f 88 81 23 02 20 24 9b 12 58 22 30 2b 
12 32 70 02 00 60 07 15 20 2c 00 47 10 21 0c 14 
40 38 08 00 29 af 74 09 69 01 01 24 05 15 06 20 
24 2b 70 75 10 c2 00 00 23 53 09 25 0b 70 04 11 
c2 05 00 fc bf 00 00 00 00 87 01 00 00 01 31 08 
10 91 cf 00 70 19 00 70 19 06 11 13 45 15 20 5c 
12 00 00 02 03 09 09 1c 21 19 10 00 70 cf 00 60 
19 00 70 19 06 11 13 45 15 20 5c 12 00 00 02 03 
09 09 1c 21 19 10 00 60 8f 20 47 10 21 2c 00 00 
39 61 01 00 01 61 23 14 00 c2 97 10 18 97 17 03 
18 0c 51 05 91 c1 97 10 0c 00 38 9f 88 81 23 02 
20 24 9b 12 58 22 30 2b 12 32 70 02 08 60 07 15 
20 2c 80 47 10 21 0c 14 40 38 08 00 b1 af 74 09 
69 01 01 24 05 15 06 20 24 2b 70 75 10 c2 00 00 
23 53 09 25 0b 70 04 11 c2 05 00 fc bf 00 00 00 
00 87 01 00 00 01 31 08 10 91 cf 00 50 19 00 70 
19 06 11 13 45 15 20 5c 12 00 00 02 03 09 09 1c 
21 19 10 00 50 cf 00 30 19 00 70 19 06 11 13 45 
15 20 5c 12 00 00 02 03 09 09 1c 21 19 10 00 30 
8f 30 47 10 21 2c 00 00 39 61 01 00 01 61 23 14 
00 c2 97 10 18 97 17 03 18 0c 51 05 91 c1 97 10 
0c 00 48 9f 88 81 23 02 20 24 9b 12 58 22 30 2b 
12 32 70 06 08 60 07 15 20 6c 80 47 10 21 0c 14 

Sun Dec 21 10:57:44 PST 1997
8f 50 47 10 21 2c 00 00 39 61 01 00 01 61 23 14 
00 c2 97 10 18 97 17 03 18 0c 51 05 91 c1 97 10 
0c 00 68 9f 88 81 23 02 20 24 9b 12 58 22 30 2b 
12 32 70 15 08 60 07 15 20 5c 81 47 10 21 0c 14 
40 38 08 00 f5 af 74 09 69 01 01 24 05 15 06 20 
24 2b 70 75 10 c2 00 00 23 53 09 25 0b 70 04 11 
c2 05 00 fc bf 00 00 00 00 87 01 00 00 01 31 08 
10 91 cf 00 90 19 00 70 19 06 11 13 45 15 20 5c 
12 00 02 02 47 10 21 3c 21 19 10 00 15 cf 00 80 
19 00 70 19 06 11 13 45 15 20 5c 12 00 02 02 47 
10 21 3c 21 19 10 00 05 8f 00 48 10 21 2c 00 00 
39 61 01 00 01 61 23 14 00 c2 97 10 18 97 17 03 
18 0c 51 05 91 c1 97 10 0c 00 19 9f 88 81 23 02 
20 24 9b 12 58 22 30 2b 12 32 70 19 08 60 07 15 
20 9c 81 48 10 21 0c 14 40 38 08 00 3a af 74 09 
69 01 01 24 05 15 06 20 24 2b 70 75 10 c2 00 00 
23 53 09 25 0b 80 04 11 c2 05 00 0c bf 00 00 00 
00 87 01 00 00 01 31 08 10 91 cf 00 70 19 00 70 
19 06 11 13 45 15 20 5c 12 00 02 02 48 10 21 3c 
21 19 10 00 f6 cf 00 80 19 00 70 19 06 11 13 45 
15 20 5c 12 00 02 02 48 10 21 3c 21 19 10 00 06 
8f 10 48 10 21 2c 00 00 39 61 01 00 01 61 23 14 
00 c2 97 10 18 97 17 03 18 0c 51 05 91 c1 97 10 
0c 00 29 9f 88 81 23 02 20 24 9b 12 58 22 30 2b 
12 32 70 23 08 60 07 15 20 3c 82 48 10 21 0c 14 

Sun Dec 21 10:58:25 PST 1997
8f 30 48 10 21 2c 00 00 39 61 01 00 01 61 23 14 
00 c2 97 10 19 97 17 03 18 0c 51 05 91 c1 97 10 
0c 00 4a 9f 88 81 23 02 20 24 9b 12 58 22 30 2b 
12 32 70 30 08 60 07 15 20 0c 83 48 10 21 0c 14 
40 38 08 00 c3 af 74 09 69 01 01 24 05 15 06 20 
24 2b 70 75 10 c2 00 00 23 53 09 25 0b 80 04 11 
c2 05 00 0c bf 00 00 00 00 87 01 00 00 01 31 08 
10 91 cf 00 60 19 00 00 20 06 11 13 45 15 20 5c 
12 00 03 03 48 10 21 3c 21 19 10 00 7f cf 00 80 
19 00 00 20 06 11 13 45 15 20 5c 12 00 03 03 48 
10 21 3c 21 19 10 00 9f 8f 40 48 10 21 2c 00 00 
39 61 01 00 01 61 23 14 00 c2 97 10 19 97 17 03 
18 0c 51 05 91 c1 97 10 0c 00 5a 9f 88 81 23 02 
20 24 9b 12 58 22 30 2b 12 32 30 33 08 60 07 15 
20 3c 83 48 10 21 0c 14 40 38 08 00 b6 af 74 09 
69 01 01 24 05 15 06 20 24 2b 70 75 10 c2 00 00 
23 53 09 25 0b 80 04 11 c2 05 00 0c bf 00 00 00 
00 87 01 00 00 01 31 08 10 91 cf 00 00 20 00 00 
20 06 11 13 45 15 20 5c 12 00 03 03 48 10 21 3c 
21 19 10 00 26 cf 00 00 20 00 00 20 06 11 13 45 
15 20 5c 12 00 03 03 48 10 21 3c 21 19 10 00 26 
8f 50 48 10 21 2c 00 00 39 61 01 00 01 61 23 14 
00 c2 97 10 19 97 17 03 18 0c 51 05 91 c1 97 10 
0c 00 6a 9f 88 81 23 02 20 24 9b 12 58 22 30 2b 
12 32 70 37 08 60 07 15 20 7c 83 48 10 21 0c 14 

Sun Dec 21 10:59:04 PST 1997
8f 10 49 10 21 2c 00 00 39 61 01 00 01 61 23 14 
00 c2 97 10 19 97 17 03 18 0c 51 05 91 c1 97 10 
0c 00 2b 9f 89 81 23 02 20 24 9b 12 58 22 30 2b 
12 32 70 45 08 60 07 15 20 5c 84 49 10 21 0c 14 
40 38 08 00 2b af 74 09 69 01 01 24 05 15 06 20 
24 2b 70 75 10 c2 00 00 23 53 09 25 0b 90 04 11 
c2 05 00 1c bf 00 00 00 00 87 01 00 00 01 31 08 
10 91 cf 00 30 20 00 30 20 06 11 13 45 15 20 5c 
12 00 05 05 49 10 21 3c 21 19 10 00 8b cf 00 30 
20 00 30 20 06 11 13 45 15 20 5c 12 00 05 05 49 
10 21 3c 21 19 10 00 8b 8f 20 49 10 21 2c 00 00 
39 61 01 00 01 61 23 14 00 c2 97 10 20 97 17 03 
18 0c 51 05 91 c1 97 10 0c 00 42 9f 89 81 23 02 
20 24 9b 12 58 22 30 2b 12 32 70 48 08 60 07 15 
20 8c 84 49 10 21 0c 14 40 38 08 00 5e af 74 09 
69 01 01 24 05 15 06 20 24 2b 70 75 10 c2 00 00 
23 53 09 25 0b 90 04 11 c2 05 00 1c bf 00 00 00 
00 87 01 00 00 01 31 08 10 91 cf 00 40 20 00 30 
20 06 11 13 45 15 20 5c 12 00 05 05 49 10 21 3c 
21 19 10 00 9b cf 00 30 20 00 30 20 06 11 13 45 
15 20 5c 12 00 05 05 49 10 21 3c 21 19 10 00 8b 
8f 30 49 10 21 2c 00 00 39 61 01 00 01 61 23 14 
00 c2 97 10 20 97 17 03 18 0c 51 05 91 c1 97 10 
0c 00 52 9f 89 81 23 02 20 24 9b 12 58 22 30 2b 
12 32 70 50 08 60 07 15 20 0c 85 49 10 21 0c 14 

Sun Dec 21 10:59:44 PST 1997
8f 50 49 10 21 2c 00 00 39 61 01 00 01 61 23 14 
00 c2 97 10 20 97 17 03 18 0c 51 05 91 c1 97 10 
0c 00 72 9f 89 81 23 02 20 24 9b 12 58 22 30 2b 
12 32 70 56 08 60 07 15 20 6c 85 49 10 21 0c 14 
40 38 08 00 4d af 74 09 69 01 01 24 05 15 06 20 
24 2b 70 75 10 c2 00 00 23 53 09 25 0b 90 04 11 
c2 05 00 1c bf 00 00 00 00 87 01 00 00 01 31 08 
10 91 cf 00 30 19 00 30 20 06 11 13 45 15 20 5c 
12 00 06 06 49 10 21 3c 21 19 10 00 86 cf 00 70 
19 00 30 20 06 11 13 45 15 20 5c 12 00 06 06 49 
10 21 3c 21 19 10 00 c6 8f 00 50 10 21 2c 00 00 
39 61 01 00 01 61 23 14 00 c2 97 10 20 97 17 03 
18 0c 51 05 91 c1 97 10 0c 00 29 9f 89 81 23 02 
20 24 9b 12 58 22 30 2b 12 32 30 59 08 60 07 15 
20 9c 85 50 10 21 0c 14 40 38 08 00 47 af 74 09 
69 01 01 24 05 15 06 20 24 2b 70 75 10 c2 00 00 
23 53 09 25 0b 00 05 11 c2 05 00 8d bf 00 00 00 
00 87 01 00 00 01 31 08 10 91 cf 00 70 19 00 30 
20 06 11 13 45 15 20 5c 12 00 06 06 50 10 21 3c 
21 19 10 00 cd cf 00 70 19 00 30 20 06 11 13 45 
15 20 5c 12 00 06 06 50 10 21 3c 21 19 10 00 cd 
8f 10 50 10 21 2c 00 00 39 61 01 00 01 61 23 14 
00 c2 97 10 20 97 17 03 18 0c 51 05 91 c1 97 10 
0c 00 39 9f 89 81 23 02 20 24 9b 12 58 22 30 2b 
12 32 30 62 08 60 07 15 20 2c 86 50 10 21 0c 14 

Sun Dec 21 11:00:24 PST 1997
8f 30 50 10 21 2c 00 00 39 61 01 00 01 61 23 14 
00 c2 97 10 20 97 17 03 18 0c 51 05 91 c1 97 10 
0c 00 59 9f 89 81 23 02 20 24 9b 12 58 22 30 2b 
12 32 30 68 08 60 07 15 20 8c 86 50 10 21 0c 14 
40 38 08 00 47 af 74 09 69 01 01 24 05 15 06 20 
24 2b 70 75 10 c2 00 00 23 53 09 25 0b 00 05 11 
c2 05 00 8d bf 00 00 00 00 87 01 00 00 01 31 08 
10 91 cf 00 90 19 00 80 19 06 11 13 45 15 20 5c 
12 00 07 07 50 10 21 3c 21 19 10 00 38 cf 00 90 
19 00 80 19 06 11 13 45 15 20 5c 12 00 07 07 50 
10 21 3c 21 19 10 00 38 8f 40 50 10 21 2c 00 00 
39 61 01 00 01 61 23 14 00 c2 97 10 20 97 17 03 
18 0c 51 05 91 c1 97 10 0c 00 69 9f 89 81 23 02 
20 24 9b 12 58 22 30 2b 12 32 30 71 08 60 07 15 
20 1c 87 50 10 21 0c 14 40 38 08 00 e1 af 74 09 
69 01 01 24 05 15 06 20 24 2b 70 75 10 c2 00 00 
23 53 09 25 0b 00 05 11 c2 05 00 8d bf 00 00 00 
00 87 01 00 00 01 31 08 10 91 cf 00 80 19 00 80 
19 06 11 13 45 15 20 5c 12 00 07 07 50 10 21 3c 
21 19 10 00 28 cf 00 80 19 00 80 19 06 11 13 45 
15 20 5c 12 00 07 07 50 10 21 3c 21 19 10 00 28 
8f 50 50 10 21 2c 00 00 39 61 01 00 01 61 23 14 
00 c2 97 10 20 97 17 03 18 0c 51 05 91 c1 97 10 
0c 00 79 9f 89 81 23 02 20 24 9b 12 58 22 30 2b 
12 32 30 73 08 60 07 15 20 3c 87 50 10 21 0c 14 

Sun Dec 21 11:01:04 PST 1997
8f 10 51 10 21 2c 00 00 39 61 01 00 01 61 23 14 
00 c2 97 10 21 97 17 03 18 0c 51 05 91 c1 97 10 
0c 00 3b 9f 89 81 23 02 20 24 9b 12 58 22 30 2b 
12 32 30 80 08 60 07 15 20 0c 88 51 10 21 0c 14 
40 38 08 00 e2 af 74 09 69 01 01 24 05 15 06 20 
24 2b 70 75 10 c2 00 00 23 53 09 25 0b 10 05 11 
c2 05 00 9d bf 00 00 00 00 87 01 00 00 01 31 08 
10 91 cf 00 50 20 00 50 20 06 11 13 45 15 20 5c 
12 00 08 08 51 10 21 3c 21 19 10 00 d9 cf 00 40 
20 00 50 20 06 11 13 45 15 20 5c 12 00 08 08 51 
10 21 3c 21 19 10 00 c9 8f 20 51 10 21 2c 00 00 
39 61 01 00 01 61 23 14 00 c2 97 10 21 97 17 03 
18 0c 51 05 91 c1 97 10 0c 00 4b 9f 89 81 23 02 
20 24 9b 12 58 22 30 2b 12 32 30 82 08 60 07 15 
20 2c 88 51 10 21 0c 14 40 38 08 00 04 af 74 09 
69 01 01 24 05 15 06 20 24 2b 70 75 10 c2 00 00 
23 53 09 25 0b 10 05 11 c2 05 00 9d bf 00 00 00 
00 87 01 00 00 01 31 08 10 91 cf 00 10 20 00 50 
20 06 11 13 45 15 20 5c 12 00 08 08 51 10 21 3c 
21 19 10 00 99 cf 00 00 20 00 50 20 06 11 13 45 
15 20 5c 12 00 08 08 51 10 21 3c 21 19 20 00 99 
8f 30 51 10 21 2c 00 00 39 61 01 00 01 61 23 14 
00 c2 97 10 21 97 17 03 18 0c 51 05 91 c1 97 10 
0c 00 5b 9f 89 81 23 02 20 24 9b 12 58 22 30 2b 
12 32 30 85 08 60 07 15 20 5c 88 51 10 21 0c 14 

Sun Dec 21 11:01:44 PST 1997
8f 50 51 10 21 2c 00 00 39 61 01 00 01 61 23 14 
00 c2 97 10 21 97 17 03 18 0c 51 05 91 c1 97 10 
0c 00 7b 9f 89 81 23 02 20 24 9b 12 58 22 30 2b 
12 32 70 90 08 60 07 15 20 0c 89 51 10 21 0c 14 
40 38 08 00 33 af 74 09 69 01 01 24 05 15 06 20 
24 2b 70 75 10 c2 00 00 23 53 09 25 0b 10 05 11 
c2 05 00 9d bf 00 00 00 00 87 01 00 00 01 31 08 
10 91 cf 00 50 20 00 50 20 06 11 13 45 15 20 5c 
12 00 09 09 51 10 21 3c 21 19 60 00 2b cf 00 40 
20 00 50 20 06 11 13 45 15 20 5c 12 00 09 09 51 
10 21 3c 21 19 60 00 1b 8f 00 52 10 21 2c 00 00 
39 61 01 00 01 61 23 14 00 c2 97 10 19 97 17 03 
18 0c 51 05 91 c1 97 10 0c 00 24 9f 89 81 23 02 
20 24 9b 12 58 22 30 2b 12 32 70 93 08 60 07 15 
20 3c 89 52 10 21 0c 14 40 38 08 00 67 af 74 09 
69 01 01 24 05 15 06 20 24 2b 70 75 10 c2 00 00 
23 53 09 25 0b 20 05 11 c2 05 00 ad bf 00 00 00 
00 87 01 00 00 01 31 08 10 91 cf 00 50 20 00 50 
20 06 11 13 45 15 20 5c 12 00 09 09 52 10 21 3c 
21 19 60 00 2c cf 00 40 20 00 50 20 06 11 13 45 
15 20 5c 12 00 09 09 52 10 21 3c 21 19 10 00 cc 
8f 10 52 10 21 2c 00 00 40 61 01 00 01 61 23 14 
00 c2 97 10 19 97 17 03 18 0c 51 05 91 c1 97 10 
0c 00 3b 9f 90 81 23 02 20 24 9b 12 58 22 30 2b 
12 32 70 95 08 60 07 15 20 5c 89 52 10 21 0c 14 

Sun Dec 21 11:02:24 PST 1997
8f 30 52 10 21 2c 00 00 40 61 01 00 01 61 23 14 
00 c2 97 10 19 97 17 03 18 0c 51 05 91 c1 97 10 
0c 00 5b 9f 90 81 23 02 20 24 9b 12 58 22 30 2b 
12 32 70 00 09 60 07 15 20 0c 90 52 10 21 0c 14 
40 38 08 00 b3 af 74 09 69 01 01 24 05 15 06 20 
24 2b 70 75 10 c2 00 00 23 53 09 25 0b 20 05 11 
c2 05 00 ad bf 00 00 00 00 87 01 00 00 01 31 08 
10 91 cf 00 00 21 00 70 20 06 11 13 45 15 20 5c 
12 00 10 10 52 10 21 3c 21 19 10 00 bb cf 00 10 
21 00 70 20 06 11 13 45 15 20 5c 12 00 10 10 52 
10 21 3c 21 19 10 00 cb 8f 40 52 10 21 2c 00 00 
40 61 01 00 01 61 23 14 00 c2 97 10 ee 97 17 03 
18 0c 51 05 91 c1 97 10 0c 00 40 9f 90 81 23 02 
20 24 9b 12 58 22 30 2b 12 32 70 02 09 60 07 15 
20 2c 90 52 10 21 0c 14 40 38 08 00 d5 af 74 09 
69 01 01 24 05 15 06 20 24 2b 70 75 10 c2 00 ee 
23 53 09 25 0b 20 05 11 c2 01 00 97 bf 00 00 00 
00 87 01 00 00 01 31 08 10 91 cf 00 20 21 00 70 
20 06 11 13 45 15 20 5c 12 00 10 10 52 10 21 3c 
21 19 10 00 db cf 00 20 21 00 70 20 06 11 13 45 
15 20 5c 12 00 10 10 52 10 21 3c 21 19 10 00 db 
8f 50 52 10 21 2c 00 00 40 61 01 00 01 61 23 14 
00 c2 97 10 ee 97 17 03 18 0c 51 05 91 c1 97 10 
0c 00 50 9f 91 81 23 02 20 24 9b 12 58 22 30 2b 
12 32 70 05 09 60 07 15 20 5c 90 52 10 21 0c 14 

Sun Dec 21 11:03:04 PST 1997
8f 10 53 10 21 2c 00 00 40 61 01 00 01 61 23 14 
00 c2 97 10 ee 97 17 03 18 0c 51 05 91 c1 97 10 
0c 00 11 9f 91 81 23 02 20 24 9b 12 58 22 30 2b 
12 32 70 09 09 60 07 15 20 9c 90 53 10 21 0c 14 
40 38 08 00 4e af 74 09 69 01 01 24 05 15 06 20 
24 2b 70 75 10 c2 00 ee 23 53 09 25 0b 20 05 11 
c2 01 00 97 bf 00 00 00 00 87 01 00 00 01 31 08 
10 91 cf 00 10 21 00 10 21 06 11 13 45 15 20 5c 
12 00 11 11 53 10 21 3c 21 19 10 00 6f cf 00 30 
21 00 10 21 06 11 13 45 15 20 5c 12 00 11 11 53 
10 21 3c 21 19 10 00 8f 8f 20 53 10 21 2c 00 00 
40 61 01 00 01 61 23 14 00 c2 97 10 ee 97 17 03 
18 0c 51 05 91 c1 97 10 0c 00 21 9f 91 81 23 02 
20 24 9b 12 58 22 30 2b 12 32 70 12 09 60 07 15 
20 2c 91 53 10 21 0c 14 40 38 08 00 e8 af 74 09 
69 01 01 24 05 15 06 20 24 2b 70 75 10 c2 00 ee 
23 53 09 25 0b 20 05 11 c2 01 00 97 bf 00 00 00 
00 87 01 00 00 01 31 08 10 91 cf 00 50 21 00 10 
21 06 11 13 45 15 20 5c 12 00 11 11 53 10 21 3c 
21 19 10 00 af cf 00 40 21 00 10 21 06 11 13 45 
15 20 5c 12 00 11 11 53 10 21 3c 21 19 10 00 9f 
8f 30 53 10 21 2c 00 00 40 61 01 00 01 61 23 14 
00 c2 97 10 ee 97 17 03 18 0c 51 05 91 c1 97 10 
0c 00 31 9f 92 81 23 02 20 24 9b 12 58 22 30 2b 
12 32 70 14 09 60 07 15 20 4c 91 53 10 21 0c 14 
